[2014-10-15 19:21:30] (ERROR @ /var/www/html/infovis_ninjia/core/xpdo/cache/xpdocachemanager.class.php : 510) PHP warning: unlink(/var/www/html/infovis_ninjia/setup/lang/id/default.inc.php): Permission denied
[2014-10-15 19:21:30] (ERROR @ /var/www/html/infovis_ninjia/core/xpdo/cache/xpdocachemanager.class.php : 510) PHP warning: unlink(/var/www/html/infovis_ninjia/setup/lang/id/drivers.inc.php): Permission denied
[2014-10-15 19:21:30] (ERROR @ /var/www/html/infovis_ninjia/core/xpdo/cache/xpdocachemanager.class.php : 510) PHP warning: unlink(/var/www/html/infovis_ninjia/setup/lang/id/upgrades.inc.php): Permission denied
[2014-10-15 19:21:30] (ERROR @ /var/www/html/infovis_ninjia/core/xpdo/cache/xpdocachemanager.class.php : 510) PHP warning: unlink(/var/www/html/infovis_ninjia/setup/lang/id/preload.inc.php): Permission denied
[2014-10-15 19:21:30] (ERROR @ /var/www/html/infovis_ninjia/core/xpdo/cache/xpdocachemanager.class.php : 510) PHP warning: unlink(/var/www/html/infovis_ninjia/setup/lang/id/test.inc.php): Permission denied
[2014-10-15 19:21:30] (ERROR @ /var/www/html/infovis_ninjia/core/xpdo/cache/xpdocachemanager.class.php : 518) PHP warning: closedir(): 11 is not a valid Directory resource
[2014-10-15 19:21:30] (ERROR @ /var/www/html/infovis_ninjia/core/xpdo/cache/xpdocachemanager.class.php : 510) PHP warning: unlink(/var/www/html/infovis_ninjia/setup/lang/sv/default.inc.php): Permission denied
[2014-10-15 19:21:30] (ERROR @ /var/www/html/infovis_ninjia/core/xpdo/cache/xpdocachemanager.class.php : 510) PHP warning: unlink(/var/www/html/infovis_ninjia/setup/lang/sv/drivers.inc.php): Permission denied
[2014-10-15 19:21:30] (ERROR @ /var/www/html/infovis_ninjia/core/xpdo/cache/xpdocachemanager.class.php : 510) PHP warning: unlink(/var/www/html/infovis_ninjia/setup/lang/sv/upgrades.inc.php): Permission denied
[2014-10-15 19:21:30] (ERROR @ /var/www/html/infovis_ninjia/core/xpdo/cache/xpdocachemanager.class.php : 510) PHP warning: unlink(/var/www/html/infovis_ninjia/setup/lang/sv/preload.inc.php): Permission denied
[2014-10-15 19:21:30] (ERROR @ /var/www/html/infovis_ninjia/core/xpdo/cache/xpdocachemanager.class.php : 510) PHP warning: unlink(/var/www/html/infovis_ninjia/setup/lang/sv/test.inc.php): Permission denied
[2014-10-15 19:21:30] (ERROR @ /var/www/html/infovis_ninjia/core/xpdo/cache/xpdocachemanager.class.php : 518) PHP warning: closedir(): 18 is not a valid Directory resource
[2014-10-15 19:21:30] (ERROR @ /var/www/html/infovis_ninjia/core/xpdo/cache/xpdocachemanager.class.php : 510) PHP warning: unlink(/var/www/html/infovis_ninjia/setup/lang/da/default.inc.php): Permission denied
[2014-10-15 19:21:30] (ERROR @ /var/www/html/infovis_ninjia/core/xpdo/cache/xpdocachemanager.class.php : 510) PHP warning: unlink(/var/www/html/infovis_ninjia/setup/lang/da/drivers.inc.php): Permission denied
[2014-10-15 19:21:30] (ERROR @ /var/www/html/infovis_ninjia/core/xpdo/cache/xpdocachemanager.class.php : 510) PHP warning: unlink(/var/www/html/infovis_ninjia/setup/lang/da/upgrades.inc.php): Permission denied
[2014-10-15 19:21:30] (ERROR @ /var/www/html/infovis_ninjia/core/xpdo/cache/xpdocachemanager.class.php : 510) PHP warning: unlink(/var/www/html/infovis_ninjia/setup/lang/da/preload.inc.php): Permission denied
[2014-10-15 19:21:30] (ERROR @ /var/www/html/infovis_ninjia/core/xpdo/cache/xpdocachemanager.class.php : 510) PHP warning: unlink(/var/www/html/infovis_ninjia/setup/lang/da/test.inc.php): Permission denied
[2014-10-15 19:21:30] (ERROR @ /var/www/html/infovis_ninjia/core/xpdo/cache/xpdocachemanager.class.php : 518) PHP warning: closedir(): 25 is not a valid Directory resource
[2014-10-15 19:21:30] (ERROR @ /var/www/html/infovis_ninjia/core/xpdo/cache/xpdocachemanager.class.php : 510) PHP warning: unlink(/var/www/html/infovis_ninjia/setup/lang/ru/default.inc.php): Permission denied
[2014-10-15 19:21:30] (ERROR @ /var/www/html/infovis_ninjia/core/xpdo/cache/xpdocachemanager.class.php : 510) PHP warning: unlink(/var/www/html/infovis_ninjia/setup/lang/ru/drivers.inc.php): Permission denied
[2014-10-15 19:21:30] (ERROR @ /var/www/html/infovis_ninjia/core/xpdo/cache/xpdocachemanager.class.php : 510) PHP warning: unlink(/var/www/html/infovis_ninjia/setup/lang/ru/upgrades.inc.php): Permission denied
[2014-10-15 19:21:30] (ERROR @ /var/www/html/infovis_ninjia/core/xpdo/cache/xpdocachemanager.class.php : 510) PHP warning: unlink(/var/www/html/infovis_ninjia/setup/lang/ru/preload.inc.php): Permission denied
[2014-10-15 19:21:30] (ERROR @ /var/www/html/infovis_ninjia/core/xpdo/cache/xpdocachemanager.class.php : 510) PHP warning: unlink(/var/www/html/infovis_ninjia/setup/lang/ru/test.inc.php): Permission denied
[2014-10-15 19:21:30] (ERROR @ /var/www/html/infovis_ninjia/core/xpdo/cache/xpdocachemanager.class.php : 518) PHP warning: closedir(): 32 is not a valid Directory resource
[2014-10-15 19:21:30] (ERROR @ /var/www/html/infovis_ninjia/core/xpdo/cache/xpdocachemanager.class.php : 510) PHP warning: unlink(/var/www/html/infovis_ninjia/setup/lang/fi/default.inc.php): Permission denied
[2014-10-15 19:21:30] (ERROR @ /var/www/html/infovis_ninjia/core/xpdo/cache/xpdocachemanager.class.php : 510) PHP warning: unlink(/var/www/html/infovis_ninjia/setup/lang/fi/drivers.inc.php): Permission denied
[2014-10-15 19:21:30] (ERROR @ /var/www/html/infovis_ninjia/core/xpdo/cache/xpdocachemanager.class.php : 510) PHP warning: unlink(/var/www/html/infovis_ninjia/setup/lang/fi/upgrades.inc.php): Permission denied
[2014-10-15 19:21:30] (ERROR @ /var/www/html/infovis_ninjia/core/xpdo/cache/xpdocachemanager.class.php : 510) PHP warning: unlink(/var/www/html/infovis_ninjia/setup/lang/fi/preload.inc.php): Permission denied
[2014-10-15 19:21:30] (ERROR @ /var/www/html/infovis_ninjia/core/xpdo/cache/xpdocachemanager.class.php : 510) PHP warning: unlink(/var/www/html/infovis_ninjia/setup/lang/fi/test.inc.php): Permission denied
[2014-10-15 19:21:30] (ERROR @ /var/www/html/infovis_ninjia/core/xpdo/cache/xpdocachemanager.class.php : 518) PHP warning: closedir(): 39 is not a valid Directory resource
[2014-10-15 19:21:30] (ERROR @ /var/www/html/infovis_ninjia/core/xpdo/cache/xpdocachemanager.class.php : 510) PHP warning: unlink(/var/www/html/infovis_ninjia/setup/lang/pt-br/default.inc.php): Permission denied
[2014-10-15 19:21:30] (ERROR @ /var/www/html/infovis_ninjia/core/xpdo/cache/xpdocachemanager.class.php : 510) PHP warning: unlink(/var/www/html/infovis_ninjia/setup/lang/pt-br/drivers.inc.php): Permission denied
[2014-10-15 19:21:30] (ERROR @ /var/www/html/infovis_ninjia/core/xpdo/cache/xpdocachemanager.class.php : 510) PHP warning: unlink(/var/www/html/infovis_ninjia/setup/lang/pt-br/upgrades.inc.php): Permission denied
[2014-10-15 19:21:30] (ERROR @ /var/www/html/infovis_ninjia/core/xpdo/cache/xpdocachemanager.class.php : 510) PHP warning: unlink(/var/www/html/infovis_ninjia/setup/lang/pt-br/preload.inc.php): Permission denied
[2014-10-15 19:21:30] (ERROR @ /var/www/html/infovis_ninjia/core/xpdo/cache/xpdocachemanager.class.php : 510) PHP warning: unlink(/var/www/html/infovis_ninjia/setup/lang/pt-br/test.inc.php): Permission denied
[2014-10-15 19:21:30] (ERROR @ /var/www/html/infovis_ninjia/core/xpdo/cache/xpdocachemanager.class.php : 518) PHP warning: closedir(): 46 is not a valid Directory resource
[2014-10-15 19:21:30] (ERROR @ /var/www/html/infovis_ninjia/core/xpdo/cache/xpdocachemanager.class.php : 510) PHP warning: unlink(/var/www/html/infovis_ninjia/setup/lang/pl/default.inc.php): Permission denied
[2014-10-15 19:21:30] (ERROR @ /var/www/html/infovis_ninjia/core/xpdo/cache/xpdocachemanager.class.php : 510) PHP warning: unlink(/var/www/html/infovis_ninjia/setup/lang/pl/drivers.inc.php): Permission denied
[2014-10-15 19:21:30] (ERROR @ /var/www/html/infovis_ninjia/core/xpdo/cache/xpdocachemanager.class.php : 510) PHP warning: unlink(/var/www/html/infovis_ninjia/setup/lang/pl/upgrades.inc.php): Permission denied
[2014-10-15 19:21:30] (ERROR @ /var/www/html/infovis_ninjia/core/xpdo/cache/xpdocachemanager.class.php : 510) PHP warning: unlink(/var/www/html/infovis_ninjia/setup/lang/pl/preload.inc.php): Permission denied
[2014-10-15 19:21:30] (ERROR @ /var/www/html/infovis_ninjia/core/xpdo/cache/xpdocachemanager.class.php : 510) PHP warning: unlink(/var/www/html/infovis_ninjia/setup/lang/pl/test.inc.php): Permission denied
[2014-10-15 19:21:30] (ERROR @ /var/www/html/infovis_ninjia/core/xpdo/cache/xpdocachemanager.class.php : 518) PHP warning: closedir(): 53 is not a valid Directory resource
[2014-10-15 19:21:30] (ERROR @ /var/www/html/infovis_ninjia/core/xpdo/cache/xpdocachemanager.class.php : 510) PHP warning: unlink(/var/www/html/infovis_ninjia/setup/lang/es/default.inc.php): Permission denied
[2014-10-15 19:21:30] (ERROR @ /var/www/html/infovis_ninjia/core/xpdo/cache/xpdocachemanager.class.php : 510) PHP warning: unlink(/var/www/html/infovis_ninjia/setup/lang/es/drivers.inc.php): Permission denied
[2014-10-15 19:21:30] (ERROR @ /var/www/html/infovis_ninjia/core/xpdo/cache/xpdocachemanager.class.php : 510) PHP warning: unlink(/var/www/html/infovis_ninjia/setup/lang/es/upgrades.inc.php): Permission denied
[2014-10-15 19:21:30] (ERROR @ /var/www/html/infovis_ninjia/core/xpdo/cache/xpdocachemanager.class.php : 510) PHP warning: unlink(/var/www/html/infovis_ninjia/setup/lang/es/preload.inc.php): Permission denied
[2014-10-15 19:21:30] (ERROR @ /var/www/html/infovis_ninjia/core/xpdo/cache/xpdocachemanager.class.php : 510) PHP warning: unlink(/var/www/html/infovis_ninjia/setup/lang/es/test.inc.php): Permission denied
[2014-10-15 19:21:30] (ERROR @ /var/www/html/infovis_ninjia/core/xpdo/cache/xpdocachemanager.class.php : 518) PHP warning: closedir(): 60 is not a valid Directory resource
[2014-10-15 19:21:30] (ERROR @ /var/www/html/infovis_ninjia/core/xpdo/cache/xpdocachemanager.class.php : 510) PHP warning: unlink(/var/www/html/infovis_ninjia/setup/lang/it/default.inc.php): Permission denied
[2014-10-15 19:21:30] (ERROR @ /var/www/html/infovis_ninjia/core/xpdo/cache/xpdocachemanager.class.php : 510) PHP warning: unlink(/var/www/html/infovis_ninjia/setup/lang/it/drivers.inc.php): Permission denied
[2014-10-15 19:21:30] (ERROR @ /var/www/html/infovis_ninjia/core/xpdo/cache/xpdocachemanager.class.php : 510) PHP warning: unlink(/var/www/html/infovis_ninjia/setup/lang/it/upgrades.inc.php): Permission denied
[2014-10-15 19:21:30] (ERROR @ /var/www/html/infovis_ninjia/core/xpdo/cache/xpdocachemanager.class.php : 510) PHP warning: unlink(/var/www/html/infovis_ninjia/setup/lang/it/preload.inc.php): Permission denied
[2014-10-15 19:21:30] (ERROR @ /var/www/html/infovis_ninjia/core/xpdo/cache/xpdocachemanager.class.php : 510) PHP warning: unlink(/var/www/html/infovis_ninjia/setup/lang/it/test.inc.php): Permission denied
[2014-10-15 19:21:30] (ERROR @ /var/www/html/infovis_ninjia/core/xpdo/cache/xpdocachemanager.class.php : 518) PHP warning: closedir(): 67 is not a valid Directory resource
[2014-10-15 19:21:30] (ERROR @ /var/www/html/infovis_ninjia/core/xpdo/cache/xpdocachemanager.class.php : 510) PHP warning: unlink(/var/www/html/infovis_ninjia/setup/lang/fr/default.inc.php): Permission denied
[2014-10-15 19:21:30] (ERROR @ /var/www/html/infovis_ninjia/core/xpdo/cache/xpdocachemanager.class.php : 510) PHP warning: unlink(/var/www/html/infovis_ninjia/setup/lang/fr/drivers.inc.php): Permission denied
[2014-10-15 19:21:30] (ERROR @ /var/www/html/infovis_ninjia/core/xpdo/cache/xpdocachemanager.class.php : 510) PHP warning: unlink(/var/www/html/infovis_ninjia/setup/lang/fr/upgrades.inc.php): Permission denied
[2014-10-15 19:21:30] (ERROR @ /var/www/html/infovis_ninjia/core/xpdo/cache/xpdocachemanager.class.php : 510) PHP warning: unlink(/var/www/html/infovis_ninjia/setup/lang/fr/preload.inc.php): Permission denied
[2014-10-15 19:21:30] (ERROR @ /var/www/html/infovis_ninjia/core/xpdo/cache/xpdocachemanager.class.php : 510) PHP warning: unlink(/var/www/html/infovis_ninjia/setup/lang/fr/test.inc.php): Permission denied
[2014-10-15 19:21:30] (ERROR @ /var/www/html/infovis_ninjia/core/xpdo/cache/xpdocachemanager.class.php : 518) PHP warning: closedir(): 74 is not a valid Directory resource
[2014-10-15 19:21:30] (ERROR @ /var/www/html/infovis_ninjia/core/xpdo/cache/xpdocachemanager.class.php : 510) PHP warning: unlink(/var/www/html/infovis_ninjia/setup/lang/bg/default.inc.php): Permission denied
[2014-10-15 19:21:30] (ERROR @ /var/www/html/infovis_ninjia/core/xpdo/cache/xpdocachemanager.class.php : 510) PHP warning: unlink(/var/www/html/infovis_ninjia/setup/lang/bg/drivers.inc.php): Permission denied
[2014-10-15 19:21:30] (ERROR @ /var/www/html/infovis_ninjia/core/xpdo/cache/xpdocachemanager.class.php : 510) PHP warning: unlink(/var/www/html/infovis_ninjia/setup/lang/bg/upgrades.inc.php): Permission denied
[2014-10-15 19:21:30] (ERROR @ /var/www/html/infovis_ninjia/core/xpdo/cache/xpdocachemanager.class.php : 510) PHP warning: unlink(/var/www/html/infovis_ninjia/setup/lang/bg/preload.inc.php): Permission denied
[2014-10-15 19:21:30] (ERROR @ /var/www/html/infovis_ninjia/core/xpdo/cache/xpdocachemanager.class.php : 510) PHP warning: unlink(/var/www/html/infovis_ninjia/setup/lang/bg/test.inc.php): Permission denied
[2014-10-15 19:21:30] (ERROR @ /var/www/html/infovis_ninjia/core/xpdo/cache/xpdocachemanager.class.php : 518) PHP warning: closedir(): 81 is not a valid Directory resource
[2014-10-15 19:21:30] (ERROR @ /var/www/html/infovis_ninjia/core/xpdo/cache/xpdocachemanager.class.php : 510) PHP warning: unlink(/var/www/html/infovis_ninjia/setup/lang/ro/default.inc.php): Permission denied
[2014-10-15 19:21:30] (ERROR @ /var/www/html/infovis_ninjia/core/xpdo/cache/xpdocachemanager.class.php : 510) PHP warning: unlink(/var/www/html/infovis_ninjia/setup/lang/ro/drivers.inc.php): Permission denied
[2014-10-15 19:21:30] (ERROR @ /var/www/html/infovis_ninjia/core/xpdo/cache/xpdocachemanager.class.php : 510) PHP warning: unlink(/var/www/html/infovis_ninjia/setup/lang/ro/upgrades.inc.php): Permission denied
[2014-10-15 19:21:30] (ERROR @ /var/www/html/infovis_ninjia/core/xpdo/cache/xpdocachemanager.class.php : 510) PHP warning: unlink(/var/www/html/infovis_ninjia/setup/lang/ro/preload.inc.php): Permission denied
[2014-10-15 19:21:30] (ERROR @ /var/www/html/infovis_ninjia/core/xpdo/cache/xpdocachemanager.class.php : 510) PHP warning: unlink(/var/www/html/infovis_ninjia/setup/lang/ro/test.inc.php): Permission denied
[2014-10-15 19:21:30] (ERROR @ /var/www/html/infovis_ninjia/core/xpdo/cache/xpdocachemanager.class.php : 518) PHP warning: closedir(): 88 is not a valid Directory resource
[2014-10-15 19:21:30] (ERROR @ /var/www/html/infovis_ninjia/core/xpdo/cache/xpdocachemanager.class.php : 510) PHP warning: unlink(/var/www/html/infovis_ninjia/setup/lang/nl/default.inc.php): Permission denied
[2014-10-15 19:21:30] (ERROR @ /var/www/html/infovis_ninjia/core/xpdo/cache/xpdocachemanager.class.php : 510) PHP warning: unlink(/var/www/html/infovis_ninjia/setup/lang/nl/drivers.inc.php): Permission denied
[2014-10-15 19:21:30] (ERROR @ /var/www/html/infovis_ninjia/core/xpdo/cache/xpdocachemanager.class.php : 510) PHP warning: unlink(/var/www/html/infovis_ninjia/setup/lang/nl/upgrades.inc.php): Permission denied
[2014-10-15 19:21:30] (ERROR @ /var/www/html/infovis_ninjia/core/xpdo/cache/xpdocachemanager.class.php : 510) PHP warning: unlink(/var/www/html/infovis_ninjia/setup/lang/nl/preload.inc.php): Permission denied
[2014-10-15 19:21:30] (ERROR @ /var/www/html/infovis_ninjia/core/xpdo/cache/xpdocachemanager.class.php : 510) PHP warning: unlink(/var/www/html/infovis_ninjia/setup/lang/nl/test.inc.php): Permission denied
[2014-10-15 19:21:30] (ERROR @ /var/www/html/infovis_ninjia/core/xpdo/cache/xpdocachemanager.class.php : 518) PHP warning: closedir(): 95 is not a valid Directory resource
[2014-10-15 19:21:30] (ERROR @ /var/www/html/infovis_ninjia/core/xpdo/cache/xpdocachemanager.class.php : 510) PHP warning: unlink(/var/www/html/infovis_ninjia/setup/lang/et/default.inc.php): Permission denied
[2014-10-15 19:21:30] (ERROR @ /var/www/html/infovis_ninjia/core/xpdo/cache/xpdocachemanager.class.php : 510) PHP warning: unlink(/var/www/html/infovis_ninjia/setup/lang/et/drivers.inc.php): Permission denied
[2014-10-15 19:21:30] (ERROR @ /var/www/html/infovis_ninjia/core/xpdo/cache/xpdocachemanager.class.php : 510) PHP warning: unlink(/var/www/html/infovis_ninjia/setup/lang/et/upgrades.inc.php): Permission denied
[2014-10-15 19:21:30] (ERROR @ /var/www/html/infovis_ninjia/core/xpdo/cache/xpdocachemanager.class.php : 510) PHP warning: unlink(/var/www/html/infovis_ninjia/setup/lang/et/preload.inc.php): Permission denied
[2014-10-15 19:21:30] (ERROR @ /var/www/html/infovis_ninjia/core/xpdo/cache/xpdocachemanager.class.php : 510) PHP warning: unlink(/var/www/html/infovis_ninjia/setup/lang/et/test.inc.php): Permission denied
[2014-10-15 19:21:30] (ERROR @ /var/www/html/infovis_ninjia/core/xpdo/cache/xpdocachemanager.class.php : 518) PHP warning: closedir(): 102 is not a valid Directory resource
[2014-10-15 19:21:30] (ERROR @ /var/www/html/infovis_ninjia/core/xpdo/cache/xpdocachemanager.class.php : 510) PHP warning: unlink(/var/www/html/infovis_ninjia/setup/lang/zh/default.inc.php): Permission denied
[2014-10-15 19:21:30] (ERROR @ /var/www/html/infovis_ninjia/core/xpdo/cache/xpdocachemanager.class.php : 510) PHP warning: unlink(/var/www/html/infovis_ninjia/setup/lang/zh/drivers.inc.php): Permission denied
[2014-10-15 19:21:30] (ERROR @ /var/www/html/infovis_ninjia/core/xpdo/cache/xpdocachemanager.class.php : 510) PHP warning: unlink(/var/www/html/infovis_ninjia/setup/lang/zh/upgrades.inc.php): Permission denied
[2014-10-15 19:21:30] (ERROR @ /var/www/html/infovis_ninjia/core/xpdo/cache/xpdocachemanager.class.php : 510) PHP warning: unlink(/var/www/html/infovis_ninjia/setup/lang/zh/preload.inc.php): Permission denied
[2014-10-15 19:21:30] (ERROR @ /var/www/html/infovis_ninjia/core/xpdo/cache/xpdocachemanager.class.php : 510) PHP warning: unlink(/var/www/html/infovis_ninjia/setup/lang/zh/test.inc.php): Permission denied
[2014-10-15 19:21:30] (ERROR @ /var/www/html/infovis_ninjia/core/xpdo/cache/xpdocachemanager.class.php : 518) PHP warning: closedir(): 109 is not a valid Directory resource
[2014-10-15 19:21:30] (ERROR @ /var/www/html/infovis_ninjia/core/xpdo/cache/xpdocachemanager.class.php : 510) PHP warning: unlink(/var/www/html/infovis_ninjia/setup/lang/de/default.inc.php): Permission denied
[2014-10-15 19:21:30] (ERROR @ /var/www/html/infovis_ninjia/core/xpdo/cache/xpdocachemanager.class.php : 510) PHP warning: unlink(/var/www/html/infovis_ninjia/setup/lang/de/drivers.inc.php): Permission denied
[2014-10-15 19:21:30] (ERROR @ /var/www/html/infovis_ninjia/core/xpdo/cache/xpdocachemanager.class.php : 510) PHP warning: unlink(/var/www/html/infovis_ninjia/setup/lang/de/upgrades.inc.php): Permission denied
[2014-10-15 19:21:30] (ERROR @ /var/www/html/infovis_ninjia/core/xpdo/cache/xpdocachemanager.class.php : 510) PHP warning: unlink(/var/www/html/infovis_ninjia/setup/lang/de/preload.inc.php): Permission denied
[2014-10-15 19:21:30] (ERROR @ /var/www/html/infovis_ninjia/core/xpdo/cache/xpdocachemanager.class.php : 510) PHP warning: unlink(/var/www/html/infovis_ninjia/setup/lang/de/test.inc.php): Permission denied
[2014-10-15 19:21:30] (ERROR @ /var/www/html/infovis_ninjia/core/xpdo/cache/xpdocachemanager.class.php : 518) PHP warning: closedir(): 116 is not a valid Directory resource
[2014-10-15 19:21:30] (ERROR @ /var/www/html/infovis_ninjia/core/xpdo/cache/xpdocachemanager.class.php : 510) PHP warning: unlink(/var/www/html/infovis_ninjia/setup/lang/cs/default.inc.php): Permission denied
[2014-10-15 19:21:30] (ERROR @ /var/www/html/infovis_ninjia/core/xpdo/cache/xpdocachemanager.class.php : 510) PHP warning: unlink(/var/www/html/infovis_ninjia/setup/lang/cs/drivers.inc.php): Permission denied
[2014-10-15 19:21:30] (ERROR @ /var/www/html/infovis_ninjia/core/xpdo/cache/xpdocachemanager.class.php : 510) PHP warning: unlink(/var/www/html/infovis_ninjia/setup/lang/cs/upgrades.inc.php): Permission denied
[2014-10-15 19:21:30] (ERROR @ /var/www/html/infovis_ninjia/core/xpdo/cache/xpdocachemanager.class.php : 510) PHP warning: unlink(/var/www/html/infovis_ninjia/setup/lang/cs/preload.inc.php): Permission denied
[2014-10-15 19:21:30] (ERROR @ /var/www/html/infovis_ninjia/core/xpdo/cache/xpdocachemanager.class.php : 510) PHP warning: unlink(/var/www/html/infovis_ninjia/setup/lang/cs/test.inc.php): Permission denied
[2014-10-15 19:21:30] (ERROR @ /var/www/html/infovis_ninjia/core/xpdo/cache/xpdocachemanager.class.php : 518) PHP warning: closedir(): 123 is not a valid Directory resource
[2014-10-15 19:21:30] (ERROR @ /var/www/html/infovis_ninjia/core/xpdo/cache/xpdocachemanager.class.php : 510) PHP warning: unlink(/var/www/html/infovis_ninjia/setup/lang/en/default.inc.php): Permission denied
[2014-10-15 19:21:30] (ERROR @ /var/www/html/infovis_ninjia/core/xpdo/cache/xpdocachemanager.class.php : 510) PHP warning: unlink(/var/www/html/infovis_ninjia/setup/lang/en/drivers.inc.php): Permission denied
[2014-10-15 19:21:30] (ERROR @ /var/www/html/infovis_ninjia/core/xpdo/cache/xpdocachemanager.class.php : 510) PHP warning: unlink(/var/www/html/infovis_ninjia/setup/lang/en/upgrades.inc.php): Permission denied
[2014-10-15 19:21:30] (ERROR @ /var/www/html/infovis_ninjia/core/xpdo/cache/xpdocachemanager.class.php : 510) PHP warning: unlink(/var/www/html/infovis_ninjia/setup/lang/en/preload.inc.php): Permission denied
[2014-10-15 19:21:30] (ERROR @ /var/www/html/infovis_ninjia/core/xpdo/cache/xpdocachemanager.class.php : 510) PHP warning: unlink(/var/www/html/infovis_ninjia/setup/lang/en/test.inc.php): Permission denied
[2014-10-15 19:21:30] (ERROR @ /var/www/html/infovis_ninjia/core/xpdo/cache/xpdocachemanager.class.php : 518) PHP warning: closedir(): 130 is not a valid Directory resource
[2014-10-15 19:21:30] (ERROR @ /var/www/html/infovis_ninjia/core/xpdo/cache/xpdocachemanager.class.php : 510) PHP warning: unlink(/var/www/html/infovis_ninjia/setup/lang/be/default.inc.php): Permission denied
[2014-10-15 19:21:30] (ERROR @ /var/www/html/infovis_ninjia/core/xpdo/cache/xpdocachemanager.class.php : 510) PHP warning: unlink(/var/www/html/infovis_ninjia/setup/lang/be/drivers.inc.php): Permission denied
[2014-10-15 19:21:30] (ERROR @ /var/www/html/infovis_ninjia/core/xpdo/cache/xpdocachemanager.class.php : 510) PHP warning: unlink(/var/www/html/infovis_ninjia/setup/lang/be/upgrades.inc.php): Permission denied
[2014-10-15 19:21:30] (ERROR @ /var/www/html/infovis_ninjia/core/xpdo/cache/xpdocachemanager.class.php : 510) PHP warning: unlink(/var/www/html/infovis_ninjia/setup/lang/be/preload.inc.php): Permission denied
[2014-10-15 19:21:30] (ERROR @ /var/www/html/infovis_ninjia/core/xpdo/cache/xpdocachemanager.class.php : 510) PHP warning: unlink(/var/www/html/infovis_ninjia/setup/lang/be/test.inc.php): Permission denied
[2014-10-15 19:21:30] (ERROR @ /var/www/html/infovis_ninjia/core/xpdo/cache/xpdocachemanager.class.php : 518) PHP warning: closedir(): 137 is not a valid Directory resource
[2014-10-15 19:21:30] (ERROR @ /var/www/html/infovis_ninjia/core/xpdo/cache/xpdocachemanager.class.php : 510) PHP warning: unlink(/var/www/html/infovis_ninjia/setup/lang/ja/default.inc.php): Permission denied
[2014-10-15 19:21:30] (ERROR @ /var/www/html/infovis_ninjia/core/xpdo/cache/xpdocachemanager.class.php : 510) PHP warning: unlink(/var/www/html/infovis_ninjia/setup/lang/ja/drivers.inc.php): Permission denied
[2014-10-15 19:21:30] (ERROR @ /var/www/html/infovis_ninjia/core/xpdo/cache/xpdocachemanager.class.php : 510) PHP warning: unlink(/var/www/html/infovis_ninjia/setup/lang/ja/upgrades.inc.php): Permission denied
[2014-10-15 19:21:30] (ERROR @ /var/www/html/infovis_ninjia/core/xpdo/cache/xpdocachemanager.class.php : 510) PHP warning: unlink(/var/www/html/infovis_ninjia/setup/lang/ja/preload.inc.php): Permission denied
[2014-10-15 19:21:30] (ERROR @ /var/www/html/infovis_ninjia/core/xpdo/cache/xpdocachemanager.class.php : 510) PHP warning: unlink(/var/www/html/infovis_ninjia/setup/lang/ja/test.inc.php): Permission denied
[2014-10-15 19:21:30] (ERROR @ /var/www/html/infovis_ninjia/core/xpdo/cache/xpdocachemanager.class.php : 518) PHP warning: closedir(): 144 is not a valid Directory resource
[2014-10-15 19:21:30] (ERROR @ /var/www/html/infovis_ninjia/core/xpdo/cache/xpdocachemanager.class.php : 510) PHP warning: unlink(/var/www/html/infovis_ninjia/setup/lang/th/default.inc.php): Permission denied
[2014-10-15 19:21:30] (ERROR @ /var/www/html/infovis_ninjia/core/xpdo/cache/xpdocachemanager.class.php : 510) PHP warning: unlink(/var/www/html/infovis_ninjia/setup/lang/th/drivers.inc.php): Permission denied
[2014-10-15 19:21:30] (ERROR @ /var/www/html/infovis_ninjia/core/xpdo/cache/xpdocachemanager.class.php : 510) PHP warning: unlink(/var/www/html/infovis_ninjia/setup/lang/th/upgrades.inc.php): Permission denied
[2014-10-15 19:21:30] (ERROR @ /var/www/html/infovis_ninjia/core/xpdo/cache/xpdocachemanager.class.php : 510) PHP warning: unlink(/var/www/html/infovis_ninjia/setup/lang/th/preload.inc.php): Permission denied
[2014-10-15 19:21:30] (ERROR @ /var/www/html/infovis_ninjia/core/xpdo/cache/xpdocachemanager.class.php : 510) PHP warning: unlink(/var/www/html/infovis_ninjia/setup/lang/th/test.inc.php): Permission denied
[2014-10-15 19:21:30] (ERROR @ /var/www/html/infovis_ninjia/core/xpdo/cache/xpdocachemanager.class.php : 518) PHP warning: closedir(): 151 is not a valid Directory resource
[2014-10-15 19:21:30] (ERROR @ /var/www/html/infovis_ninjia/core/xpdo/cache/xpdocachemanager.class.php : 510) PHP warning: unlink(/var/www/html/infovis_ninjia/setup/provisioner/bootstrap.php): Permission denied
[2014-10-15 19:21:30] (ERROR @ /var/www/html/infovis_ninjia/core/xpdo/cache/xpdocachemanager.class.php : 518) PHP warning: closedir(): 158 is not a valid Directory resource
[2014-10-15 19:21:30] (ERROR @ /var/www/html/infovis_ninjia/core/xpdo/cache/xpdocachemanager.class.php : 510) PHP warning: unlink(/var/www/html/infovis_ninjia/setup/config.dist.upgrade-advanced.xml): Permission denied
[2014-10-15 19:21:30] (ERROR @ /var/www/html/infovis_ninjia/core/xpdo/cache/xpdocachemanager.class.php : 510) PHP warning: unlink(/var/www/html/infovis_ninjia/setup/index.php): Permission denied
[2014-10-15 19:21:30] (ERROR @ /var/www/html/infovis_ninjia/core/xpdo/cache/xpdocachemanager.class.php : 510) PHP warning: unlink(/var/www/html/infovis_ninjia/setup/assets/js/ext-core.js): Permission denied
[2014-10-15 19:21:30] (ERROR @ /var/www/html/infovis_ninjia/core/xpdo/cache/xpdocachemanager.class.php : 510) PHP warning: unlink(/var/www/html/infovis_ninjia/setup/assets/js/sections/welcome.js): Permission denied
[2014-10-15 19:21:30] (ERROR @ /var/www/html/infovis_ninjia/core/xpdo/cache/xpdocachemanager.class.php : 510) PHP warning: unlink(/var/www/html/infovis_ninjia/setup/assets/js/sections/summary.js): Permission denied
[2014-10-15 19:21:30] (ERROR @ /var/www/html/infovis_ninjia/core/xpdo/cache/xpdocachemanager.class.php : 510) PHP warning: unlink(/var/www/html/infovis_ninjia/setup/assets/js/sections/contexts.js): Permission denied
[2014-10-15 19:21:30] (ERROR @ /var/www/html/infovis_ninjia/core/xpdo/cache/xpdocachemanager.class.php : 510) PHP warning: unlink(/var/www/html/infovis_ninjia/setup/assets/js/sections/database.js): Permission denied
[2014-10-15 19:21:30] (ERROR @ /var/www/html/infovis_ninjia/core/xpdo/cache/xpdocachemanager.class.php : 510) PHP warning: unlink(/var/www/html/infovis_ninjia/setup/assets/js/sections/install.js): Permission denied
[2014-10-15 19:21:30] (ERROR @ /var/www/html/infovis_ninjia/core/xpdo/cache/xpdocachemanager.class.php : 518) PHP warning: closedir(): 166 is not a valid Directory resource
[2014-10-15 19:21:30] (ERROR @ /var/www/html/infovis_ninjia/core/xpdo/cache/xpdocachemanager.class.php : 510) PHP warning: unlink(/var/www/html/infovis_ninjia/setup/assets/js/inc/blank.gif): Permission denied
[2014-10-15 19:21:30] (ERROR @ /var/www/html/infovis_ninjia/core/xpdo/cache/xpdocachemanager.class.php : 510) PHP warning: unlink(/var/www/html/infovis_ninjia/setup/assets/js/inc/clear.gif): Permission denied
[2014-10-15 19:21:30] (ERROR @ /var/www/html/infovis_ninjia/core/xpdo/cache/xpdocachemanager.class.php : 510) PHP warning: unlink(/var/www/html/infovis_ninjia/setup/assets/js/inc/csshover2.htc): Permission denied
[2014-10-15 19:21:30] (ERROR @ /var/www/html/infovis_ninjia/core/xpdo/cache/xpdocachemanager.class.php : 510) PHP warning: unlink(/var/www/html/infovis_ninjia/setup/assets/js/inc/say.no.to.ie.6.js): Permission denied
[2014-10-15 19:21:30] (ERROR @ /var/www/html/infovis_ninjia/core/xpdo/cache/xpdocachemanager.class.php : 510) PHP warning: unlink(/var/www/html/infovis_ninjia/setup/assets/js/inc/iepngfix.htc): Permission denied
[2014-10-15 19:21:30] (ERROR @ /var/www/html/infovis_ninjia/core/xpdo/cache/xpdocachemanager.class.php : 518) PHP warning: closedir(): 173 is not a valid Directory resource
[2014-10-15 19:21:30] (ERROR @ /var/www/html/infovis_ninjia/core/xpdo/cache/xpdocachemanager.class.php : 510) PHP warning: unlink(/var/www/html/infovis_ninjia/setup/assets/js/ext-core-debug.js): Permission denied
[2014-10-15 19:21:30] (ERROR @ /var/www/html/infovis_ninjia/core/xpdo/cache/xpdocachemanager.class.php : 510) PHP warning: unlink(/var/www/html/infovis_ninjia/setup/assets/js/modx.setup.js): Permission denied
[2014-10-15 19:21:30] (ERROR @ /var/www/html/infovis_ninjia/core/xpdo/cache/xpdocachemanager.class.php : 518) PHP warning: closedir(): 164 is not a valid Directory resource
[2014-10-15 19:21:30] (ERROR @ /var/www/html/infovis_ninjia/core/xpdo/cache/xpdocachemanager.class.php : 510) PHP warning: unlink(/var/www/html/infovis_ninjia/setup/assets/modx.css): Permission denied
[2014-10-15 19:21:30] (ERROR @ /var/www/html/infovis_ninjia/core/xpdo/cache/xpdocachemanager.class.php : 510) PHP warning: unlink(/var/www/html/infovis_ninjia/setup/assets/css/reset.css): Permission denied
[2014-10-15 19:21:30] (ERROR @ /var/www/html/infovis_ninjia/core/xpdo/cache/xpdocachemanager.class.php : 510) PHP warning: unlink(/var/www/html/infovis_ninjia/setup/assets/css/layout.css): Permission denied
[2014-10-15 19:21:30] (ERROR @ /var/www/html/infovis_ninjia/core/xpdo/cache/xpdocachemanager.class.php : 510) PHP warning: unlink(/var/www/html/infovis_ninjia/setup/assets/css/12_col.gif): Permission denied
[2014-10-15 19:21:30] (ERROR @ /var/www/html/infovis_ninjia/core/xpdo/cache/xpdocachemanager.class.php : 510) PHP warning: unlink(/var/www/html/infovis_ninjia/setup/assets/css/print.css): Permission denied
[2014-10-15 19:21:30] (ERROR @ /var/www/html/infovis_ninjia/core/xpdo/cache/xpdocachemanager.class.php : 510) PHP warning: unlink(/var/www/html/infovis_ninjia/setup/assets/css/960.css): Permission denied
[2014-10-15 19:21:30] (ERROR @ /var/www/html/infovis_ninjia/core/xpdo/cache/xpdocachemanager.class.php : 510) PHP warning: unlink(/var/www/html/infovis_ninjia/setup/assets/css/16_col.gif): Permission denied
[2014-10-15 19:21:30] (ERROR @ /var/www/html/infovis_ninjia/core/xpdo/cache/xpdocachemanager.class.php : 510) PHP warning: unlink(/var/www/html/infovis_ninjia/setup/assets/css/text.orig.css): Permission denied
[2014-10-15 19:21:30] (ERROR @ /var/www/html/infovis_ninjia/core/xpdo/cache/xpdocachemanager.class.php : 510) PHP warning: unlink(/var/www/html/infovis_ninjia/setup/assets/css/text.css): Permission denied
[2014-10-15 19:21:30] (ERROR @ /var/www/html/infovis_ninjia/core/xpdo/cache/xpdocachemanager.class.php : 510) PHP warning: unlink(/var/www/html/infovis_ninjia/setup/assets/css/style.css): Permission denied
[2014-10-15 19:21:30] (ERROR @ /var/www/html/infovis_ninjia/core/xpdo/cache/xpdocachemanager.class.php : 518) PHP warning: closedir(): 184 is not a valid Directory resource
[2014-10-15 19:21:30] (ERROR @ /var/www/html/infovis_ninjia/core/xpdo/cache/xpdocachemanager.class.php : 510) PHP warning: unlink(/var/www/html/infovis_ninjia/setup/assets/modx_scripts.css): Permission denied
[2014-10-15 19:21:30] (ERROR @ /var/www/html/infovis_ninjia/core/xpdo/cache/xpdocachemanager.class.php : 510) PHP warning: unlink(/var/www/html/infovis_ninjia/setup/assets/images/icon_screencasts.png): Permission denied
[2014-10-15 19:21:30] (ERROR @ /var/www/html/infovis_ninjia/core/xpdo/cache/xpdocachemanager.class.php : 510) PHP warning: unlink(/var/www/html/infovis_ninjia/setup/assets/images/whatwhyhow_background.jpg): Permission denied
[2014-10-15 19:21:30] (ERROR @ /var/www/html/infovis_ninjia/core/xpdo/cache/xpdocachemanager.class.php : 510) PHP warning: unlink(/var/www/html/infovis_ninjia/setup/assets/images/icon_core.png): Permission denied
[2014-10-15 19:21:30] (ERROR @ /var/www/html/infovis_ninjia/core/xpdo/cache/xpdocachemanager.class.php : 510) PHP warning: unlink(/var/www/html/infovis_ninjia/setup/assets/images/downloadbar_separator.png): Permission denied
[2014-10-15 19:21:30] (ERROR @ /var/www/html/infovis_ninjia/core/xpdo/cache/xpdocachemanager.class.php : 510) PHP warning: unlink(/var/www/html/infovis_ninjia/setup/assets/images/im_inst_upgrade.gif): Permission denied
[2014-10-15 19:21:30] (ERROR @ /var/www/html/infovis_ninjia/core/xpdo/cache/xpdocachemanager.class.php : 510) PHP warning: unlink(/var/www/html/infovis_ninjia/setup/assets/images/img_info.gif): Permission denied
[2014-10-15 19:21:30] (ERROR @ /var/www/html/infovis_ninjia/core/xpdo/cache/xpdocachemanager.class.php : 510) PHP warning: unlink(/var/www/html/infovis_ninjia/setup/assets/images/bg-pattern.png): Permission denied
[2014-10-15 19:21:30] (ERROR @ /var/www/html/infovis_ninjia/core/xpdo/cache/xpdocachemanager.class.php : 510) PHP warning: unlink(/var/www/html/infovis_ninjia/setup/assets/images/rssbox_bottom.gif): Permission denied
[2014-10-15 19:21:30] (ERROR @ /var/www/html/infovis_ninjia/core/xpdo/cache/xpdocachemanager.class.php : 510) PHP warning: unlink(/var/www/html/infovis_ninjia/setup/assets/images/footer_separator.gif): Permission denied
[2014-10-15 19:21:30] (ERROR @ /var/www/html/infovis_ninjia/core/xpdo/cache/xpdocachemanager.class.php : 510) PHP warning: unlink(/var/www/html/infovis_ninjia/setup/assets/images/bullet_grey.gif): Permission denied
[2014-10-15 19:21:30] (ERROR @ /var/www/html/infovis_ninjia/core/xpdo/cache/xpdocachemanager.class.php : 510) PHP warning: unlink(/var/www/html/infovis_ninjia/setup/assets/images/img_inquisitor/as_pointer.gif): Permission denied
[2014-10-15 19:21:30] (ERROR @ /var/www/html/infovis_ninjia/core/xpdo/cache/xpdocachemanager.class.php : 510) PHP warning: unlink(/var/www/html/infovis_ninjia/setup/assets/images/img_inquisitor/ul_corner_bl.gif): Permission denied
[2014-10-15 19:21:30] (ERROR @ /var/www/html/infovis_ninjia/core/xpdo/cache/xpdocachemanager.class.php : 510) PHP warning: unlink(/var/www/html/infovis_ninjia/setup/assets/images/img_inquisitor/hl_corner_tl.gif): Permission denied
[2014-10-15 19:21:30] (ERROR @ /var/www/html/infovis_ninjia/core/xpdo/cache/xpdocachemanager.class.php : 510) PHP warning: unlink(/var/www/html/infovis_ninjia/setup/assets/images/img_inquisitor/hl_corner_tr.gif): Permission denied
[2014-10-15 19:21:30] (ERROR @ /var/www/html/infovis_ninjia/core/xpdo/cache/xpdocachemanager.class.php : 510) PHP warning: unlink(/var/www/html/infovis_ninjia/setup/assets/images/img_inquisitor/ul_corner_tr.gif): Permission denied
[2014-10-15 19:21:30] (ERROR @ /var/www/html/infovis_ninjia/core/xpdo/cache/xpdocachemanager.class.php : 510) PHP warning: unlink(/var/www/html/infovis_ninjia/setup/assets/images/img_inquisitor/ul_corner_br.gif): Permission denied
[2014-10-15 19:21:30] (ERROR @ /var/www/html/infovis_ninjia/core/xpdo/cache/xpdocachemanager.class.php : 510) PHP warning: unlink(/var/www/html/infovis_ninjia/setup/assets/images/img_inquisitor/hl_corner_bl.gif): Permission denied
[2014-10-15 19:21:30] (ERROR @ /var/www/html/infovis_ninjia/core/xpdo/cache/xpdocachemanager.class.php : 510) PHP warning: unlink(/var/www/html/infovis_ninjia/setup/assets/images/img_inquisitor/ul_corner_tl.gif): Permission denied
[2014-10-15 19:21:30] (ERROR @ /var/www/html/infovis_ninjia/core/xpdo/cache/xpdocachemanager.class.php : 510) PHP warning: unlink(/var/www/html/infovis_ninjia/setup/assets/images/img_inquisitor/hl_corner_br.gif): Permission denied
[2014-10-15 19:21:30] (ERROR @ /var/www/html/infovis_ninjia/core/xpdo/cache/xpdocachemanager.class.php : 518) PHP warning: closedir(): 207 is not a valid Directory resource
[2014-10-15 19:21:30] (ERROR @ /var/www/html/infovis_ninjia/core/xpdo/cache/xpdocachemanager.class.php : 510) PHP warning: unlink(/var/www/html/infovis_ninjia/setup/assets/images/modx_footer.jpg): Permission denied
[2014-10-15 19:21:30] (ERROR @ /var/www/html/infovis_ninjia/core/xpdo/cache/xpdocachemanager.class.php : 510) PHP warning: unlink(/var/www/html/infovis_ninjia/setup/assets/images/link_button.jpg): Permission denied
[2014-10-15 19:21:30] (ERROR @ /var/www/html/infovis_ninjia/core/xpdo/cache/xpdocachemanager.class.php : 510) PHP warning: unlink(/var/www/html/infovis_ninjia/setup/assets/images/quote_bubble.png): Permission denied
[2014-10-15 19:21:30] (ERROR @ /var/www/html/infovis_ninjia/core/xpdo/cache/xpdocachemanager.class.php : 510) PHP warning: unlink(/var/www/html/infovis_ninjia/setup/assets/images/screencast_placeholder.png): Permission denied
[2014-10-15 19:21:30] (ERROR @ /var/www/html/infovis_ninjia/core/xpdo/cache/xpdocachemanager.class.php : 510) PHP warning: unlink(/var/www/html/infovis_ninjia/setup/assets/images/im_resources.gif): Permission denied
[2014-10-15 19:21:30] (ERROR @ /var/www/html/infovis_ninjia/core/xpdo/cache/xpdocachemanager.class.php : 510) PHP warning: unlink(/var/www/html/infovis_ninjia/setup/assets/images/downloadbar_background.png): Permission denied
[2014-10-15 19:21:30] (ERROR @ /var/www/html/infovis_ninjia/core/xpdo/cache/xpdocachemanager.class.php : 510) PHP warning: unlink(/var/www/html/infovis_ninjia/setup/assets/images/icon_open_source.png): Permission denied
[2014-10-15 19:21:30] (ERROR @ /var/www/html/infovis_ninjia/core/xpdo/cache/xpdocachemanager.class.php : 510) PHP warning: unlink(/var/www/html/infovis_ninjia/setup/assets/images/icon_features_list.png): Permission denied
[2014-10-15 19:21:30] (ERROR @ /var/www/html/infovis_ninjia/core/xpdo/cache/xpdocachemanager.class.php : 510) PHP warning: unlink(/var/www/html/infovis_ninjia/setup/assets/images/footer_fold_top.jpg): Permission denied
[2014-10-15 19:21:30] (ERROR @ /var/www/html/infovis_ninjia/core/xpdo/cache/xpdocachemanager.class.php : 510) PHP warning: unlink(/var/www/html/infovis_ninjia/setup/assets/images/meta_down.gif): Permission denied
[2014-10-15 19:21:30] (ERROR @ /var/www/html/infovis_ninjia/core/xpdo/cache/xpdocachemanager.class.php : 510) PHP warning: unlink(/var/www/html/infovis_ninjia/setup/assets/images/icon_warning.png): Permission denied
[2014-10-15 19:21:30] (ERROR @ /var/www/html/infovis_ninjia/core/xpdo/cache/xpdocachemanager.class.php : 510) PHP warning: unlink(/var/www/html/infovis_ninjia/setup/assets/images/search_go_hover.jpg): Permission denied
[2014-10-15 19:21:30] (ERROR @ /var/www/html/infovis_ninjia/core/xpdo/cache/xpdocachemanager.class.php : 510) PHP warning: unlink(/var/www/html/infovis_ninjia/setup/assets/images/header_background.png): Permission denied
[2014-10-15 19:21:30] (ERROR @ /var/www/html/infovis_ninjia/core/xpdo/cache/xpdocachemanager.class.php : 510) PHP warning: unlink(/var/www/html/infovis_ninjia/setup/assets/images/footer_fold_bottom.jpg): Permission denied
[2014-10-15 19:21:30] (ERROR @ /var/www/html/infovis_ninjia/core/xpdo/cache/xpdocachemanager.class.php : 510) PHP warning: unlink(/var/www/html/infovis_ninjia/setup/assets/images/modx_logo_header.png): Permission denied
[2014-10-15 19:21:30] (ERROR @ /var/www/html/infovis_ninjia/core/xpdo/cache/xpdocachemanager.class.php : 510) PHP warning: unlink(/var/www/html/infovis_ninjia/setup/assets/images/sidebox_bottom.gif): Permission denied
[2014-10-15 19:21:30] (ERROR @ /var/www/html/infovis_ninjia/core/xpdo/cache/xpdocachemanager.class.php : 510) PHP warning: unlink(/var/www/html/infovis_ninjia/setup/assets/images/icon_server.png): Permission denied
[2014-10-15 19:21:30] (ERROR @ /var/www/html/infovis_ninjia/core/xpdo/cache/xpdocachemanager.class.php : 510) PHP warning: unlink(/var/www/html/infovis_ninjia/setup/assets/images/mainnav_buttons.jpg): Permission denied
[2014-10-15 19:21:30] (ERROR @ /var/www/html/infovis_ninjia/core/xpdo/cache/xpdocachemanager.class.php : 510) PHP warning: unlink(/var/www/html/infovis_ninjia/setup/assets/images/subnav_buttons.jpg): Permission denied
[2014-10-15 19:21:30] (ERROR @ /var/www/html/infovis_ninjia/core/xpdo/cache/xpdocachemanager.class.php : 510) PHP warning: unlink(/var/www/html/infovis_ninjia/setup/assets/images/modx-logo.png): Permission denied
[2014-10-15 19:21:30] (ERROR @ /var/www/html/infovis_ninjia/core/xpdo/cache/xpdocachemanager.class.php : 510) PHP warning: unlink(/var/www/html/infovis_ninjia/setup/assets/images/search_background.jpg): Permission denied
[2014-10-15 19:21:30] (ERROR @ /var/www/html/infovis_ninjia/core/xpdo/cache/xpdocachemanager.class.php : 510) PHP warning: unlink(/var/www/html/infovis_ninjia/setup/assets/images/icon_developer.png): Permission denied
[2014-10-15 19:21:30] (ERROR @ /var/www/html/infovis_ninjia/core/xpdo/cache/xpdocachemanager.class.php : 510) PHP warning: unlink(/var/www/html/infovis_ninjia/setup/assets/images/modx_mgr_screenshot.png): Permission denied
[2014-10-15 19:21:30] (ERROR @ /var/www/html/infovis_ninjia/core/xpdo/cache/xpdocachemanager.class.php : 510) PHP warning: unlink(/var/www/html/infovis_ninjia/setup/assets/images/icon_rss.png): Permission denied
[2014-10-15 19:21:30] (ERROR @ /var/www/html/infovis_ninjia/core/xpdo/cache/xpdocachemanager.class.php : 510) PHP warning: unlink(/var/www/html/infovis_ninjia/setup/assets/images/headers.jpg): Permission denied
[2014-10-15 19:21:30] (ERROR @ /var/www/html/infovis_ninjia/core/xpdo/cache/xpdocachemanager.class.php : 510) PHP warning: unlink(/var/www/html/infovis_ninjia/setup/assets/images/icon_ok.gif): Permission denied
[2014-10-15 19:21:30] (ERROR @ /var/www/html/infovis_ninjia/core/xpdo/cache/xpdocachemanager.class.php : 510) PHP warning: unlink(/var/www/html/infovis_ninjia/setup/assets/images/sidebox_top.gif): Permission denied
[2014-10-15 19:21:30] (ERROR @ /var/www/html/infovis_ninjia/core/xpdo/cache/xpdocachemanager.class.php : 510) PHP warning: unlink(/var/www/html/infovis_ninjia/setup/assets/images/whatwhyhow_arrow.png): Permission denied
[2014-10-15 19:21:30] (ERROR @ /var/www/html/infovis_ninjia/core/xpdo/cache/xpdocachemanager.class.php : 510) PHP warning: unlink(/var/www/html/infovis_ninjia/setup/assets/images/footer_textbox.jpg): Permission denied
[2014-10-15 19:21:30] (ERROR @ /var/www/html/infovis_ninjia/core/xpdo/cache/xpdocachemanager.class.php : 510) PHP warning: unlink(/var/www/html/infovis_ninjia/setup/assets/images/meta_separator.gif): Permission denied
[2014-10-15 19:21:30] (ERROR @ /var/www/html/infovis_ninjia/core/xpdo/cache/xpdocachemanager.class.php : 510) PHP warning: unlink(/var/www/html/infovis_ninjia/setup/assets/images/icon_designer.png): Permission denied
[2014-10-15 19:21:30] (ERROR @ /var/www/html/infovis_ninjia/core/xpdo/cache/xpdocachemanager.class.php : 510) PHP warning: unlink(/var/www/html/infovis_ninjia/setup/assets/images/im_new_inst.gif): Permission denied
[2014-10-15 19:21:30] (ERROR @ /var/www/html/infovis_ninjia/core/xpdo/cache/xpdocachemanager.class.php : 510) PHP warning: unlink(/var/www/html/infovis_ninjia/setup/assets/images/icon_empty_screenshot.png): Permission denied
[2014-10-15 19:21:30] (ERROR @ /var/www/html/infovis_ninjia/core/xpdo/cache/xpdocachemanager.class.php : 510) PHP warning: unlink(/var/www/html/infovis_ninjia/setup/assets/images/link_button_footer.jpg): Permission denied
[2014-10-15 19:21:30] (ERROR @ /var/www/html/infovis_ninjia/core/xpdo/cache/xpdocachemanager.class.php : 510) PHP warning: unlink(/var/www/html/infovis_ninjia/setup/assets/images/box_header_background.png): Permission denied
[2014-10-15 19:21:30] (ERROR @ /var/www/html/infovis_ninjia/core/xpdo/cache/xpdocachemanager.class.php : 510) PHP warning: unlink(/var/www/html/infovis_ninjia/setup/assets/images/rssbox_separator.gif): Permission denied
[2014-10-15 19:21:30] (ERROR @ /var/www/html/infovis_ninjia/core/xpdo/cache/xpdocachemanager.class.php : 518) PHP warning: closedir(): 196 is not a valid Directory resource
[2014-10-15 19:21:30] (ERROR @ /var/www/html/infovis_ninjia/core/xpdo/cache/xpdocachemanager.class.php : 518) PHP warning: closedir(): 163 is not a valid Directory resource
[2014-10-15 19:21:30] (ERROR @ /var/www/html/infovis_ninjia/core/xpdo/cache/xpdocachemanager.class.php : 510) PHP warning: unlink(/var/www/html/infovis_ninjia/setup/templates/footer.tpl): Permission denied
[2014-10-15 19:21:30] (ERROR @ /var/www/html/infovis_ninjia/core/xpdo/cache/xpdocachemanager.class.php : 510) PHP warning: unlink(/var/www/html/infovis_ninjia/setup/templates/complete.tpl): Permission denied
[2014-10-15 19:21:30] (ERROR @ /var/www/html/infovis_ninjia/core/xpdo/cache/xpdocachemanager.class.php : 510) PHP warning: unlink(/var/www/html/infovis_ninjia/setup/templates/header.tpl): Permission denied
[2014-10-15 19:21:30] (ERROR @ /var/www/html/infovis_ninjia/core/xpdo/cache/xpdocachemanager.class.php : 510) PHP warning: unlink(/var/www/html/infovis_ninjia/setup/templates/options.tpl): Permission denied
[2014-10-15 19:21:30] (ERROR @ /var/www/html/infovis_ninjia/core/xpdo/cache/xpdocachemanager.class.php : 510) PHP warning: unlink(/var/www/html/infovis_ninjia/setup/templates/findcore.php): Permission denied
[2014-10-15 19:21:30] (ERROR @ /var/www/html/infovis_ninjia/core/xpdo/cache/xpdocachemanager.class.php : 510) PHP warning: unlink(/var/www/html/infovis_ninjia/setup/templates/index.tpl): Permission denied
[2014-10-15 19:21:30] (ERROR @ /var/www/html/infovis_ninjia/core/xpdo/cache/xpdocachemanager.class.php : 510) PHP warning: unlink(/var/www/html/infovis_ninjia/setup/templates/language.tpl): Permission denied
[2014-10-15 19:21:30] (ERROR @ /var/www/html/infovis_ninjia/core/xpdo/cache/xpdocachemanager.class.php : 510) PHP warning: unlink(/var/www/html/infovis_ninjia/setup/templates/license.tpl): Permission denied
[2014-10-15 19:21:30] (ERROR @ /var/www/html/infovis_ninjia/core/xpdo/cache/xpdocachemanager.class.php : 510) PHP warning: unlink(/var/www/html/infovis_ninjia/setup/templates/database.tpl): Permission denied
[2014-10-15 19:21:30] (ERROR @ /var/www/html/infovis_ninjia/core/xpdo/cache/xpdocachemanager.class.php : 510) PHP warning: unlink(/var/www/html/infovis_ninjia/setup/templates/welcome.tpl): Permission denied
[2014-10-15 19:21:30] (ERROR @ /var/www/html/infovis_ninjia/core/xpdo/cache/xpdocachemanager.class.php : 510) PHP warning: unlink(/var/www/html/infovis_ninjia/setup/templates/contexts.tpl): Permission denied
[2014-10-15 19:21:30] (ERROR @ /var/www/html/infovis_ninjia/core/xpdo/cache/xpdocachemanager.class.php : 510) PHP warning: unlink(/var/www/html/infovis_ninjia/setup/templates/install.tpl): Permission denied
[2014-10-15 19:21:30] (ERROR @ /var/www/html/infovis_ninjia/core/xpdo/cache/xpdocachemanager.class.php : 510) PHP warning: unlink(/var/www/html/infovis_ninjia/setup/templates/summary.tpl): Permission denied
[2014-10-15 19:21:30] (ERROR @ /var/www/html/infovis_ninjia/core/xpdo/cache/xpdocachemanager.class.php : 518) PHP warning: closedir(): 256 is not a valid Directory resource
[2014-10-15 19:21:30] (ERROR @ /var/www/html/infovis_ninjia/core/xpdo/cache/xpdocachemanager.class.php : 510) PHP warning: unlink(/var/www/html/infovis_ninjia/setup/processors/database/connection.php): Permission denied
[2014-10-15 19:21:30] (ERROR @ /var/www/html/infovis_ninjia/core/xpdo/cache/xpdocachemanager.class.php : 510) PHP warning: unlink(/var/www/html/infovis_ninjia/setup/processors/database/collation.php): Permission denied
[2014-10-15 19:21:30] (ERROR @ /var/www/html/infovis_ninjia/core/xpdo/cache/xpdocachemanager.class.php : 518) PHP warning: closedir(): 272 is not a valid Directory resource
[2014-10-15 19:21:30] (ERROR @ /var/www/html/infovis_ninjia/core/xpdo/cache/xpdocachemanager.class.php : 510) PHP warning: unlink(/var/www/html/infovis_ninjia/setup/processors/connector.php): Permission denied
[2014-10-15 19:21:30] (ERROR @ /var/www/html/infovis_ninjia/core/xpdo/cache/xpdocachemanager.class.php : 510) PHP warning: unlink(/var/www/html/infovis_ninjia/setup/processors/path_search.php): Permission denied
[2014-10-15 19:21:30] (ERROR @ /var/www/html/infovis_ninjia/core/xpdo/cache/xpdocachemanager.class.php : 510) PHP warning: unlink(/var/www/html/infovis_ninjia/setup/processors/url_search.php): Permission denied
[2014-10-15 19:21:30] (ERROR @ /var/www/html/infovis_ninjia/core/xpdo/cache/xpdocachemanager.class.php : 518) PHP warning: closedir(): 271 is not a valid Directory resource
[2014-10-15 19:21:30] (ERROR @ /var/www/html/infovis_ninjia/core/xpdo/cache/xpdocachemanager.class.php : 510) PHP warning: unlink(/var/www/html/infovis_ninjia/setup/config.dist.new.xml): Permission denied
[2014-10-15 19:21:30] (ERROR @ /var/www/html/infovis_ninjia/core/xpdo/cache/xpdocachemanager.class.php : 510) PHP warning: unlink(/var/www/html/infovis_ninjia/setup/controllers/summary.php): Permission denied
[2014-10-15 19:21:30] (ERROR @ /var/www/html/infovis_ninjia/core/xpdo/cache/xpdocachemanager.class.php : 510) PHP warning: unlink(/var/www/html/infovis_ninjia/setup/controllers/install.php): Permission denied
[2014-10-15 19:21:30] (ERROR @ /var/www/html/infovis_ninjia/core/xpdo/cache/xpdocachemanager.class.php : 510) PHP warning: unlink(/var/www/html/infovis_ninjia/setup/controllers/database.php): Permission denied
[2014-10-15 19:21:30] (ERROR @ /var/www/html/infovis_ninjia/core/xpdo/cache/xpdocachemanager.class.php : 510) PHP warning: unlink(/var/www/html/infovis_ninjia/setup/controllers/language.php): Permission denied
[2014-10-15 19:21:30] (ERROR @ /var/www/html/infovis_ninjia/core/xpdo/cache/xpdocachemanager.class.php : 510) PHP warning: unlink(/var/www/html/infovis_ninjia/setup/controllers/login.php): Permission denied
[2014-10-15 19:21:30] (ERROR @ /var/www/html/infovis_ninjia/core/xpdo/cache/xpdocachemanager.class.php : 510) PHP warning: unlink(/var/www/html/infovis_ninjia/setup/controllers/options.php): Permission denied
[2014-10-15 19:21:30] (ERROR @ /var/www/html/infovis_ninjia/core/xpdo/cache/xpdocachemanager.class.php : 510) PHP warning: unlink(/var/www/html/infovis_ninjia/setup/controllers/contexts.php): Permission denied
[2014-10-15 19:21:30] (ERROR @ /var/www/html/infovis_ninjia/core/xpdo/cache/xpdocachemanager.class.php : 510) PHP warning: unlink(/var/www/html/infovis_ninjia/setup/controllers/complete.php): Permission denied
[2014-10-15 19:21:30] (ERROR @ /var/www/html/infovis_ninjia/core/xpdo/cache/xpdocachemanager.class.php : 510) PHP warning: unlink(/var/www/html/infovis_ninjia/setup/controllers/welcome.php): Permission denied
[2014-10-15 19:21:30] (ERROR @ /var/www/html/infovis_ninjia/core/xpdo/cache/xpdocachemanager.class.php : 518) PHP warning: closedir(): 281 is not a valid Directory resource
[2014-10-15 19:21:30] (ERROR @ /var/www/html/infovis_ninjia/core/xpdo/cache/xpdocachemanager.class.php : 510) PHP warning: unlink(/var/www/html/infovis_ninjia/setup/config.dist.upgrade.xml): Permission denied
[2014-10-15 19:21:30] (ERROR @ /var/www/html/infovis_ninjia/core/xpdo/cache/xpdocachemanager.class.php : 510) PHP warning: unlink(/var/www/html/infovis_ninjia/setup/includes/config.core.php): Permission denied
[2014-10-15 19:21:30] (ERROR @ /var/www/html/infovis_ninjia/core/xpdo/cache/xpdocachemanager.class.php : 510) PHP warning: unlink(/var/www/html/infovis_ninjia/setup/includes/request/modinstallclirequest.class.php): Permission denied
[2014-10-15 19:21:30] (ERROR @ /var/www/html/infovis_ninjia/core/xpdo/cache/xpdocachemanager.class.php : 510) PHP warning: unlink(/var/www/html/infovis_ninjia/setup/includes/request/modinstallconnectorrequest.class.php): Permission denied
[2014-10-15 19:21:30] (ERROR @ /var/www/html/infovis_ninjia/core/xpdo/cache/xpdocachemanager.class.php : 510) PHP warning: unlink(/var/www/html/infovis_ninjia/setup/includes/request/modinstallrequest.class.php): Permission denied
[2014-10-15 19:21:30] (ERROR @ /var/www/html/infovis_ninjia/core/xpdo/cache/xpdocachemanager.class.php : 518) PHP warning: closedir(): 295 is not a valid Directory resource
[2014-10-15 19:21:30] (ERROR @ /var/www/html/infovis_ninjia/core/xpdo/cache/xpdocachemanager.class.php : 510) PHP warning: unlink(/var/www/html/infovis_ninjia/setup/includes/parser/modinstallsmarty.class.php): Permission denied
[2014-10-15 19:21:30] (ERROR @ /var/www/html/infovis_ninjia/core/xpdo/cache/xpdocachemanager.class.php : 510) PHP warning: unlink(/var/www/html/infovis_ninjia/setup/includes/parser/modinstallparser.class.php): Permission denied
[2014-10-15 19:21:30] (ERROR @ /var/www/html/infovis_ninjia/core/xpdo/cache/xpdocachemanager.class.php : 518) PHP warning: closedir(): 300 is not a valid Directory resource
[2014-10-15 19:21:30] (ERROR @ /var/www/html/infovis_ninjia/core/xpdo/cache/xpdocachemanager.class.php : 510) PHP warning: unlink(/var/www/html/infovis_ninjia/setup/includes/test/modinstalltestsdk.class.php): Permission denied
[2014-10-15 19:21:30] (ERROR @ /var/www/html/infovis_ninjia/core/xpdo/cache/xpdocachemanager.class.php : 510) PHP warning: unlink(/var/www/html/infovis_ninjia/setup/includes/test/modinstalltesttraditional.class.php): Permission denied
[2014-10-15 19:21:30] (ERROR @ /var/www/html/infovis_ninjia/core/xpdo/cache/xpdocachemanager.class.php : 510) PHP warning: unlink(/var/www/html/infovis_ninjia/setup/includes/test/modinstalltestadvanced.class.php): Permission denied
[2014-10-15 19:21:30] (ERROR @ /var/www/html/infovis_ninjia/core/xpdo/cache/xpdocachemanager.class.php : 510) PHP warning: unlink(/var/www/html/infovis_ninjia/setup/includes/test/modinstalltestgit.class.php): Permission denied
[2014-10-15 19:21:30] (ERROR @ /var/www/html/infovis_ninjia/core/xpdo/cache/xpdocachemanager.class.php : 510) PHP warning: unlink(/var/www/html/infovis_ninjia/setup/includes/test/modinstalltest.class.php): Permission denied
[2014-10-15 19:21:30] (ERROR @ /var/www/html/infovis_ninjia/core/xpdo/cache/xpdocachemanager.class.php : 518) PHP warning: closedir(): 304 is not a valid Directory resource
[2014-10-15 19:21:30] (ERROR @ /var/www/html/infovis_ninjia/core/xpdo/cache/xpdocachemanager.class.php : 510) PHP warning: unlink(/var/www/html/infovis_ninjia/setup/includes/upgrades/mysql/2.0.1-pl.php): Permission denied
[2014-10-15 19:21:30] (ERROR @ /var/www/html/infovis_ninjia/core/xpdo/cache/xpdocachemanager.class.php : 510) PHP warning: unlink(/var/www/html/infovis_ninjia/setup/includes/upgrades/mysql/2.1.2-pl.php): Permission denied
[2014-10-15 19:21:30] (ERROR @ /var/www/html/infovis_ninjia/core/xpdo/cache/xpdocachemanager.class.php : 510) PHP warning: unlink(/var/www/html/infovis_ninjia/setup/includes/upgrades/mysql/2.2.0-pl2.php): Permission denied
[2014-10-15 19:21:30] (ERROR @ /var/www/html/infovis_ninjia/core/xpdo/cache/xpdocachemanager.class.php : 510) PHP warning: unlink(/var/www/html/infovis_ninjia/setup/includes/upgrades/mysql/2.0.4-pl.php): Permission denied
[2014-10-15 19:21:30] (ERROR @ /var/www/html/infovis_ninjia/core/xpdo/cache/xpdocachemanager.class.php : 510) PHP warning: unlink(/var/www/html/infovis_ninjia/setup/includes/upgrades/mysql/2.0.0-rc-3.php): Permission denied
[2014-10-15 19:21:30] (ERROR @ /var/www/html/infovis_ninjia/core/xpdo/cache/xpdocachemanager.class.php : 510) PHP warning: unlink(/var/www/html/infovis_ninjia/setup/includes/upgrades/mysql/2.2.2-pl.php): Permission denied
[2014-10-15 19:21:30] (ERROR @ /var/www/html/infovis_ninjia/core/xpdo/cache/xpdocachemanager.class.php : 510) PHP warning: unlink(/var/www/html/infovis_ninjia/setup/includes/upgrades/mysql/2.0.0-alpha-4.php): Permission denied
[2014-10-15 19:21:30] (ERROR @ /var/www/html/infovis_ninjia/core/xpdo/cache/xpdocachemanager.class.php : 510) PHP warning: unlink(/var/www/html/infovis_ninjia/setup/includes/upgrades/mysql/2.0.0-beta-4.php): Permission denied
[2014-10-15 19:21:30] (ERROR @ /var/www/html/infovis_ninjia/core/xpdo/cache/xpdocachemanager.class.php : 510) PHP warning: unlink(/var/www/html/infovis_ninjia/setup/includes/upgrades/mysql/2.0.5-pl.php): Permission denied
[2014-10-15 19:21:30] (ERROR @ /var/www/html/infovis_ninjia/core/xpdo/cache/xpdocachemanager.class.php : 510) PHP warning: unlink(/var/www/html/infovis_ninjia/setup/includes/upgrades/mysql/2.0.0-beta-3.php): Permission denied
[2014-10-15 19:21:30] (ERROR @ /var/www/html/infovis_ninjia/core/xpdo/cache/xpdocachemanager.class.php : 510) PHP warning: unlink(/var/www/html/infovis_ninjia/setup/includes/upgrades/mysql/2.0.0-rc-1.php): Permission denied
[2014-10-15 19:21:30] (ERROR @ /var/www/html/infovis_ninjia/core/xpdo/cache/xpdocachemanager.class.php : 510) PHP warning: unlink(/var/www/html/infovis_ninjia/setup/includes/upgrades/mysql/2.0.0-beta-1.php): Permission denied
[2014-10-15 19:21:30] (ERROR @ /var/www/html/infovis_ninjia/core/xpdo/cache/xpdocachemanager.class.php : 510) PHP warning: unlink(/var/www/html/infovis_ninjia/setup/includes/upgrades/mysql/2.0.0-alpha-3.php): Permission denied
[2014-10-15 19:21:30] (ERROR @ /var/www/html/infovis_ninjia/core/xpdo/cache/xpdocachemanager.class.php : 510) PHP warning: unlink(/var/www/html/infovis_ninjia/setup/includes/upgrades/mysql/2.3.0-rc1.php): Permission denied
[2014-10-15 19:21:30] (ERROR @ /var/www/html/infovis_ninjia/core/xpdo/cache/xpdocachemanager.class.php : 510) PHP warning: unlink(/var/www/html/infovis_ninjia/setup/includes/upgrades/mysql/2.2.1-pl.php): Permission denied
[2014-10-15 19:21:30] (ERROR @ /var/www/html/infovis_ninjia/core/xpdo/cache/xpdocachemanager.class.php : 510) PHP warning: unlink(/var/www/html/infovis_ninjia/setup/includes/upgrades/mysql/2.0.0-beta-5.php): Permission denied
[2014-10-15 19:21:30] (ERROR @ /var/www/html/infovis_ninjia/core/xpdo/cache/xpdocachemanager.class.php : 510) PHP warning: unlink(/var/www/html/infovis_ninjia/setup/includes/upgrades/mysql/2.0.0-alpha-1.php): Permission denied
[2014-10-15 19:21:30] (ERROR @ /var/www/html/infovis_ninjia/core/xpdo/cache/xpdocachemanager.class.php : 510) PHP warning: unlink(/var/www/html/infovis_ninjia/setup/includes/upgrades/mysql/2.0.0-rc-2.php): Permission denied
[2014-10-15 19:21:30] (ERROR @ /var/www/html/infovis_ninjia/core/xpdo/cache/xpdocachemanager.class.php : 510) PHP warning: unlink(/var/www/html/infovis_ninjia/setup/includes/upgrades/mysql/2.2.10-pl.php): Permission denied
[2014-10-15 19:21:30] (ERROR @ /var/www/html/infovis_ninjia/core/xpdo/cache/xpdocachemanager.class.php : 510) PHP warning: unlink(/var/www/html/infovis_ninjia/setup/includes/upgrades/mysql/2.0.6-pl.php): Permission denied
[2014-10-15 19:21:30] (ERROR @ /var/www/html/infovis_ninjia/core/xpdo/cache/xpdocachemanager.class.php : 510) PHP warning: unlink(/var/www/html/infovis_ninjia/setup/includes/upgrades/mysql/2.2.5-pl.php): Permission denied
[2014-10-15 19:21:30] (ERROR @ /var/www/html/infovis_ninjia/core/xpdo/cache/xpdocachemanager.class.php : 510) PHP warning: unlink(/var/www/html/infovis_ninjia/setup/includes/upgrades/mysql/2.2.6-pl.php): Permission denied
[2014-10-15 19:21:30] (ERROR @ /var/www/html/infovis_ninjia/core/xpdo/cache/xpdocachemanager.class.php : 510) PHP warning: unlink(/var/www/html/infovis_ninjia/setup/includes/upgrades/mysql/2.0.0-alpha-6.php): Permission denied
[2014-10-15 19:21:30] (ERROR @ /var/www/html/infovis_ninjia/core/xpdo/cache/xpdocachemanager.class.php : 510) PHP warning: unlink(/var/www/html/infovis_ninjia/setup/includes/upgrades/mysql/2.1.0-rc-1.php): Permission denied
[2014-10-15 19:21:30] (ERROR @ /var/www/html/infovis_ninjia/core/xpdo/cache/xpdocachemanager.class.php : 510) PHP warning: unlink(/var/www/html/infovis_ninjia/setup/includes/upgrades/mysql/2.2.7-pl.php): Permission denied
[2014-10-15 19:21:30] (ERROR @ /var/www/html/infovis_ninjia/core/xpdo/cache/xpdocachemanager.class.php : 510) PHP warning: unlink(/var/www/html/infovis_ninjia/setup/includes/upgrades/mysql/2.2.0-pl.php): Permission denied
[2014-10-15 19:21:30] (ERROR @ /var/www/html/infovis_ninjia/core/xpdo/cache/xpdocachemanager.class.php : 510) PHP warning: unlink(/var/www/html/infovis_ninjia/setup/includes/upgrades/mysql/2.0.0-beta-2.php): Permission denied
[2014-10-15 19:21:30] (ERROR @ /var/www/html/infovis_ninjia/core/xpdo/cache/xpdocachemanager.class.php : 510) PHP warning: unlink(/var/www/html/infovis_ninjia/setup/includes/upgrades/mysql/2.3.1-pl.php): Permission denied
[2014-10-15 19:21:30] (ERROR @ /var/www/html/infovis_ninjia/core/xpdo/cache/xpdocachemanager.class.php : 510) PHP warning: unlink(/var/www/html/infovis_ninjia/setup/includes/upgrades/mysql/2.2.0-rc1.php): Permission denied
[2014-10-15 19:21:30] (ERROR @ /var/www/html/infovis_ninjia/core/xpdo/cache/xpdocachemanager.class.php : 510) PHP warning: unlink(/var/www/html/infovis_ninjia/setup/includes/upgrades/mysql/2.2.9-pl.php): Permission denied
[2014-10-15 19:21:30] (ERROR @ /var/www/html/infovis_ninjia/core/xpdo/cache/xpdocachemanager.class.php : 510) PHP warning: unlink(/var/www/html/infovis_ninjia/setup/includes/upgrades/mysql/2.2.0-rc2.php): Permission denied
[2014-10-15 19:21:30] (ERROR @ /var/www/html/infovis_ninjia/core/xpdo/cache/xpdocachemanager.class.php : 510) PHP warning: unlink(/var/www/html/infovis_ninjia/setup/includes/upgrades/mysql/2.1.1-pl.php): Permission denied
[2014-10-15 19:21:30] (ERROR @ /var/www/html/infovis_ninjia/core/xpdo/cache/xpdocachemanager.class.php : 510) PHP warning: unlink(/var/www/html/infovis_ninjia/setup/includes/upgrades/mysql/2.1.0-rc-2.php): Permission denied
[2014-10-15 19:21:30] (ERROR @ /var/www/html/infovis_ninjia/core/xpdo/cache/xpdocachemanager.class.php : 510) PHP warning: unlink(/var/www/html/infovis_ninjia/setup/includes/upgrades/mysql/2.0.0-alpha-2.php): Permission denied
[2014-10-15 19:21:30] (ERROR @ /var/www/html/infovis_ninjia/core/xpdo/cache/xpdocachemanager.class.php : 510) PHP warning: unlink(/var/www/html/infovis_ninjia/setup/includes/upgrades/mysql/2.0.0-alpha-5.php): Permission denied
[2014-10-15 19:21:30] (ERROR @ /var/www/html/infovis_ninjia/core/xpdo/cache/xpdocachemanager.class.php : 518) PHP warning: closedir(): 312 is not a valid Directory resource
[2014-10-15 19:21:30] (ERROR @ /var/www/html/infovis_ninjia/core/xpdo/cache/xpdocachemanager.class.php : 510) PHP warning: unlink(/var/www/html/infovis_ninjia/setup/includes/upgrades/common/2.3.1-oninitculture.php): Permission denied
[2014-10-15 19:21:30] (ERROR @ /var/www/html/infovis_ninjia/core/xpdo/cache/xpdocachemanager.class.php : 510) PHP warning: unlink(/var/www/html/infovis_ninjia/setup/includes/upgrades/common/2.2-tv-renders.php): Permission denied
[2014-10-15 19:21:30] (ERROR @ /var/www/html/infovis_ninjia/core/xpdo/cache/xpdocachemanager.class.php : 510) PHP warning: unlink(/var/www/html/infovis_ninjia/setup/includes/upgrades/common/2.2-disable-allowtagsinpost.php): Permission denied
[2014-10-15 19:21:30] (ERROR @ /var/www/html/infovis_ninjia/core/xpdo/cache/xpdocachemanager.class.php : 510) PHP warning: unlink(/var/www/html/infovis_ninjia/setup/includes/upgrades/common/2.3-extension-packages.php): Permission denied
[2014-10-15 19:21:30] (ERROR @ /var/www/html/infovis_ninjia/core/xpdo/cache/xpdocachemanager.class.php : 510) PHP warning: unlink(/var/www/html/infovis_ninjia/setup/includes/upgrades/common/2.3.1-feed_modx_security.php): Permission denied
[2014-10-15 19:21:30] (ERROR @ /var/www/html/infovis_ninjia/core/xpdo/cache/xpdocachemanager.class.php : 510) PHP warning: unlink(/var/www/html/infovis_ninjia/setup/includes/upgrades/common/2.3.1-base_help_url.php): Permission denied
[2014-10-15 19:21:30] (ERROR @ /var/www/html/infovis_ninjia/core/xpdo/cache/xpdocachemanager.class.php : 510) PHP warning: unlink(/var/www/html/infovis_ninjia/setup/includes/upgrades/common/2.3-fc-action.php): Permission denied
[2014-10-15 19:21:30] (ERROR @ /var/www/html/infovis_ninjia/core/xpdo/cache/xpdocachemanager.class.php : 510) PHP warning: unlink(/var/www/html/infovis_ninjia/setup/includes/upgrades/common/2.2-media-sources.php): Permission denied
[2014-10-15 19:21:30] (ERROR @ /var/www/html/infovis_ninjia/core/xpdo/cache/xpdocachemanager.class.php : 518) PHP warning: closedir(): 349 is not a valid Directory resource
[2014-10-15 19:21:30] (ERROR @ /var/www/html/infovis_ninjia/core/xpdo/cache/xpdocachemanager.class.php : 510) PHP warning: unlink(/var/www/html/infovis_ninjia/setup/includes/upgrades/sqlsrv/2.1.2-pl.php): Permission denied
[2014-10-15 19:21:30] (ERROR @ /var/www/html/infovis_ninjia/core/xpdo/cache/xpdocachemanager.class.php : 510) PHP warning: unlink(/var/www/html/infovis_ninjia/setup/includes/upgrades/sqlsrv/2.2.0-pl2.php): Permission denied
[2014-10-15 19:21:30] (ERROR @ /var/www/html/infovis_ninjia/core/xpdo/cache/xpdocachemanager.class.php : 510) PHP warning: unlink(/var/www/html/infovis_ninjia/setup/includes/upgrades/sqlsrv/2.2.2-pl.php): Permission denied
[2014-10-15 19:21:30] (ERROR @ /var/www/html/infovis_ninjia/core/xpdo/cache/xpdocachemanager.class.php : 510) PHP warning: unlink(/var/www/html/infovis_ninjia/setup/includes/upgrades/sqlsrv/2.3.0-rc1.php): Permission denied
[2014-10-15 19:21:30] (ERROR @ /var/www/html/infovis_ninjia/core/xpdo/cache/xpdocachemanager.class.php : 510) PHP warning: unlink(/var/www/html/infovis_ninjia/setup/includes/upgrades/sqlsrv/2.2.1-pl.php): Permission denied
[2014-10-15 19:21:30] (ERROR @ /var/www/html/infovis_ninjia/core/xpdo/cache/xpdocachemanager.class.php : 510) PHP warning: unlink(/var/www/html/infovis_ninjia/setup/includes/upgrades/sqlsrv/2.2.10-pl.php): Permission denied
[2014-10-15 19:21:30] (ERROR @ /var/www/html/infovis_ninjia/core/xpdo/cache/xpdocachemanager.class.php : 510) PHP warning: unlink(/var/www/html/infovis_ninjia/setup/includes/upgrades/sqlsrv/2.2.6-pl.php): Permission denied
[2014-10-15 19:21:30] (ERROR @ /var/www/html/infovis_ninjia/core/xpdo/cache/xpdocachemanager.class.php : 510) PHP warning: unlink(/var/www/html/infovis_ninjia/setup/includes/upgrades/sqlsrv/2.1.0-rc-1.php): Permission denied
[2014-10-15 19:21:30] (ERROR @ /var/www/html/infovis_ninjia/core/xpdo/cache/xpdocachemanager.class.php : 510) PHP warning: unlink(/var/www/html/infovis_ninjia/setup/includes/upgrades/sqlsrv/2.2.7-pl.php): Permission denied
[2014-10-15 19:21:30] (ERROR @ /var/www/html/infovis_ninjia/core/xpdo/cache/xpdocachemanager.class.php : 510) PHP warning: unlink(/var/www/html/infovis_ninjia/setup/includes/upgrades/sqlsrv/2.2.0-pl.php): Permission denied
[2014-10-15 19:21:30] (ERROR @ /var/www/html/infovis_ninjia/core/xpdo/cache/xpdocachemanager.class.php : 510) PHP warning: unlink(/var/www/html/infovis_ninjia/setup/includes/upgrades/sqlsrv/2.3.1-pl.php): Permission denied
[2014-10-15 19:21:30] (ERROR @ /var/www/html/infovis_ninjia/core/xpdo/cache/xpdocachemanager.class.php : 510) PHP warning: unlink(/var/www/html/infovis_ninjia/setup/includes/upgrades/sqlsrv/2.2.0-rc1.php): Permission denied
[2014-10-15 19:21:30] (ERROR @ /var/www/html/infovis_ninjia/core/xpdo/cache/xpdocachemanager.class.php : 510) PHP warning: unlink(/var/www/html/infovis_ninjia/setup/includes/upgrades/sqlsrv/2.2.9-pl.php): Permission denied
[2014-10-15 19:21:30] (ERROR @ /var/www/html/infovis_ninjia/core/xpdo/cache/xpdocachemanager.class.php : 510) PHP warning: unlink(/var/www/html/infovis_ninjia/setup/includes/upgrades/sqlsrv/2.2.0-rc2.php): Permission denied
[2014-10-15 19:21:30] (ERROR @ /var/www/html/infovis_ninjia/core/xpdo/cache/xpdocachemanager.class.php : 510) PHP warning: unlink(/var/www/html/infovis_ninjia/setup/includes/upgrades/sqlsrv/2.1.1-pl.php): Permission denied
[2014-10-15 19:21:30] (ERROR @ /var/www/html/infovis_ninjia/core/xpdo/cache/xpdocachemanager.class.php : 510) PHP warning: unlink(/var/www/html/infovis_ninjia/setup/includes/upgrades/sqlsrv/2.1.0-rc-2.php): Permission denied
[2014-10-15 19:21:30] (ERROR @ /var/www/html/infovis_ninjia/core/xpdo/cache/xpdocachemanager.class.php : 518) PHP warning: closedir(): 359 is not a valid Directory resource
[2014-10-15 19:21:30] (ERROR @ /var/www/html/infovis_ninjia/core/xpdo/cache/xpdocachemanager.class.php : 510) PHP warning: unlink(/var/www/html/infovis_ninjia/setup/includes/tables_create.php): Permission denied
[2014-10-15 19:21:30] (ERROR @ /var/www/html/infovis_ninjia/core/xpdo/cache/xpdocachemanager.class.php : 510) PHP warning: unlink(/var/www/html/infovis_ninjia/setup/includes/modinstall.class.php): Permission denied
[2014-10-15 19:21:30] (ERROR @ /var/www/html/infovis_ninjia/core/xpdo/cache/xpdocachemanager.class.php : 510) PHP warning: unlink(/var/www/html/infovis_ninjia/setup/includes/modinstalllexicon.class.php): Permission denied
[2014-10-15 19:21:30] (ERROR @ /var/www/html/infovis_ninjia/core/xpdo/cache/xpdocachemanager.class.php : 510) PHP warning: unlink(/var/www/html/infovis_ninjia/setup/includes/upgrade.install.php): Permission denied
[2014-10-15 19:21:30] (ERROR @ /var/www/html/infovis_ninjia/core/xpdo/cache/xpdocachemanager.class.php : 510) PHP warning: unlink(/var/www/html/infovis_ninjia/setup/includes/error/modinstalljsonerror.class.php): Permission denied
[2014-10-15 19:21:30] (ERROR @ /var/www/html/infovis_ninjia/core/xpdo/cache/xpdocachemanager.class.php : 510) PHP warning: unlink(/var/www/html/infovis_ninjia/setup/includes/error/modinstallerror.class.php): Permission denied
[2014-10-15 19:21:30] (ERROR @ /var/www/html/infovis_ninjia/core/xpdo/cache/xpdocachemanager.class.php : 518) PHP warning: closedir(): 381 is not a valid Directory resource
[2014-10-15 19:21:30] (ERROR @ /var/www/html/infovis_ninjia/core/xpdo/cache/xpdocachemanager.class.php : 510) PHP warning: unlink(/var/www/html/infovis_ninjia/setup/includes/new.install.php): Permission denied
[2014-10-15 19:21:30] (ERROR @ /var/www/html/infovis_ninjia/core/xpdo/cache/xpdocachemanager.class.php : 510) PHP warning: unlink(/var/www/html/infovis_ninjia/setup/includes/runner/modinstallrunnerweb.class.php): Permission denied
[2014-10-15 19:21:30] (ERROR @ /var/www/html/infovis_ninjia/core/xpdo/cache/xpdocachemanager.class.php : 510) PHP warning: unlink(/var/www/html/infovis_ninjia/setup/includes/runner/modinstallrunner.class.php): Permission denied
[2014-10-15 19:21:30] (ERROR @ /var/www/html/infovis_ninjia/core/xpdo/cache/xpdocachemanager.class.php : 518) PHP warning: closedir(): 386 is not a valid Directory resource
[2014-10-15 19:21:30] (ERROR @ /var/www/html/infovis_ninjia/core/xpdo/cache/xpdocachemanager.class.php : 510) PHP warning: unlink(/var/www/html/infovis_ninjia/setup/includes/modinstallversion.class.php): Permission denied
[2014-10-15 19:21:30] (ERROR @ /var/www/html/infovis_ninjia/core/xpdo/cache/xpdocachemanager.class.php : 510) PHP warning: unlink(/var/www/html/infovis_ninjia/setup/includes/modinstallsettings.class.php): Permission denied
[2014-10-15 19:21:30] (ERROR @ /var/www/html/infovis_ninjia/core/xpdo/cache/xpdocachemanager.class.php : 510) PHP warning: unlink(/var/www/html/infovis_ninjia/setup/includes/drivers/modinstalldriver_mysql.class.php): Permission denied
[2014-10-15 19:21:30] (ERROR @ /var/www/html/infovis_ninjia/core/xpdo/cache/xpdocachemanager.class.php : 510) PHP warning: unlink(/var/www/html/infovis_ninjia/setup/includes/drivers/modinstalldriver_sqlsrv.class.php): Permission denied
[2014-10-15 19:21:30] (ERROR @ /var/www/html/infovis_ninjia/core/xpdo/cache/xpdocachemanager.class.php : 510) PHP warning: unlink(/var/www/html/infovis_ninjia/setup/includes/drivers/modinstalldriver.class.php): Permission denied
[2014-10-15 19:21:30] (ERROR @ /var/www/html/infovis_ninjia/core/xpdo/cache/xpdocachemanager.class.php : 518) PHP warning: closedir(): 392 is not a valid Directory resource
[2014-10-15 19:21:30] (ERROR @ /var/www/html/infovis_ninjia/core/xpdo/cache/xpdocachemanager.class.php : 510) PHP warning: unlink(/var/www/html/infovis_ninjia/setup/includes/config/modconfigreader.class.php): Permission denied
[2014-10-15 19:21:30] (ERROR @ /var/www/html/infovis_ninjia/core/xpdo/cache/xpdocachemanager.class.php : 510) PHP warning: unlink(/var/www/html/infovis_ninjia/setup/includes/config/modrevolutionconfigreader.class.php): Permission denied
[2014-10-15 19:21:30] (ERROR @ /var/www/html/infovis_ninjia/core/xpdo/cache/xpdocachemanager.class.php : 510) PHP warning: unlink(/var/www/html/infovis_ninjia/setup/includes/config/modevolutionconfigreader.class.php): Permission denied
[2014-10-15 19:21:30] (ERROR @ /var/www/html/infovis_ninjia/core/xpdo/cache/xpdocachemanager.class.php : 518) PHP warning: closedir(): 397 is not a valid Directory resource
[2014-10-15 19:21:30] (ERROR @ /var/www/html/infovis_ninjia/core/xpdo/cache/xpdocachemanager.class.php : 518) PHP warning: closedir(): 293 is not a valid Directory resource
[2014-10-15 19:21:30] (ERROR @ /var/www/html/infovis_ninjia/core/xpdo/cache/xpdocachemanager.class.php : 518) PHP warning: closedir(): 9 is not a valid Directory resource
[2014-10-15 19:21:30] (ERROR @ /infovis_ninjia/setup/index.php) An error occurred while trying to remove the setup directory.
[2014-10-15 19:37:51] (ERROR @ /var/www/html/infovis_ninjia/core/model/modx/rest/modrestclient.class.php : 231) PHP warning: simplexml_load_string(): Entity: line 1: parser error : XML declaration allowed only at the start of the document
[2014-10-15 19:37:51] (ERROR @ /var/www/html/infovis_ninjia/core/model/modx/rest/modrestclient.class.php : 231) PHP warning: simplexml_load_string(): &lt;?xml
[2014-10-15 19:37:51] (ERROR @ /var/www/html/infovis_ninjia/core/model/modx/rest/modrestclient.class.php : 231) PHP warning: simplexml_load_string():      ^
[2014-10-15 19:37:51] (ERROR @ /var/www/html/infovis_ninjia/core/model/modx/rest/modrestclient.class.php : 231) PHP warning: simplexml_load_string(): Entity: line 1: parser error : ParsePI: PI xml space expected
[2014-10-15 19:37:51] (ERROR @ /var/www/html/infovis_ninjia/core/model/modx/rest/modrestclient.class.php : 231) PHP warning: simplexml_load_string(): &lt;?xml
[2014-10-15 19:37:51] (ERROR @ /var/www/html/infovis_ninjia/core/model/modx/rest/modrestclient.class.php : 231) PHP warning: simplexml_load_string():      ^
[2014-10-15 19:37:51] (ERROR @ /var/www/html/infovis_ninjia/core/model/modx/rest/modrestclient.class.php : 231) PHP warning: simplexml_load_string(): Entity: line 1: parser error : ParsePI: PI xml never end ...
[2014-10-15 19:37:51] (ERROR @ /var/www/html/infovis_ninjia/core/model/modx/rest/modrestclient.class.php : 231) PHP warning: simplexml_load_string(): &lt;?xml
[2014-10-15 19:37:51] (ERROR @ /var/www/html/infovis_ninjia/core/model/modx/rest/modrestclient.class.php : 231) PHP warning: simplexml_load_string():      ^
[2014-10-15 19:37:51] (ERROR @ /var/www/html/infovis_ninjia/core/model/modx/rest/modrestclient.class.php : 231) PHP warning: simplexml_load_string(): Entity: line 1: parser error : Start tag expected, '&lt;' not found
[2014-10-15 19:37:51] (ERROR @ /var/www/html/infovis_ninjia/core/model/modx/rest/modrestclient.class.php : 231) PHP warning: simplexml_load_string(): &lt;?xml
[2014-10-15 19:37:51] (ERROR @ /var/www/html/infovis_ninjia/core/model/modx/rest/modrestclient.class.php : 231) PHP warning: simplexml_load_string():      ^
[2014-10-15 19:37:51] (ERROR @ /infovis_ninjia/connectors/index.php) Could not connect to provider at: http://rest.modx.com/extras/
[2014-10-15 19:37:51] (ERROR @ /var/www/html/infovis_ninjia/core/model/modx/processors/workspace/packages/rest/getlist.class.php : 48) PHP warning: Invalid argument supplied for foreach()
[2014-10-15 19:37:51] (ERROR @ /var/www/html/infovis_ninjia/core/model/modx/processors/workspace/packages/rest/getlist.class.php : 52) PHP warning: Illegal string offset 'total'
[2014-10-15 19:37:51] (ERROR @ /var/www/html/infovis_ninjia/core/model/modx/rest/modrestclient.class.php : 231) PHP warning: simplexml_load_string(): Entity: line 1: parser error : XML declaration allowed only at the start of the document
[2014-10-15 19:37:51] (ERROR @ /var/www/html/infovis_ninjia/core/model/modx/rest/modrestclient.class.php : 231) PHP warning: simplexml_load_string(): &lt;?xml
[2014-10-15 19:37:51] (ERROR @ /var/www/html/infovis_ninjia/core/model/modx/rest/modrestclient.class.php : 231) PHP warning: simplexml_load_string():      ^
[2014-10-15 19:37:51] (ERROR @ /var/www/html/infovis_ninjia/core/model/modx/rest/modrestclient.class.php : 231) PHP warning: simplexml_load_string(): Entity: line 1: parser error : ParsePI: PI xml space expected
[2014-10-15 19:37:51] (ERROR @ /var/www/html/infovis_ninjia/core/model/modx/rest/modrestclient.class.php : 231) PHP warning: simplexml_load_string(): &lt;?xml
[2014-10-15 19:37:51] (ERROR @ /var/www/html/infovis_ninjia/core/model/modx/rest/modrestclient.class.php : 231) PHP warning: simplexml_load_string():      ^
[2014-10-15 19:37:51] (ERROR @ /var/www/html/infovis_ninjia/core/model/modx/rest/modrestclient.class.php : 231) PHP warning: simplexml_load_string(): Entity: line 1: parser error : ParsePI: PI xml never end ...
[2014-10-15 19:37:51] (ERROR @ /var/www/html/infovis_ninjia/core/model/modx/rest/modrestclient.class.php : 231) PHP warning: simplexml_load_string(): &lt;?xml
[2014-10-15 19:37:51] (ERROR @ /var/www/html/infovis_ninjia/core/model/modx/rest/modrestclient.class.php : 231) PHP warning: simplexml_load_string():      ^
[2014-10-15 19:37:51] (ERROR @ /var/www/html/infovis_ninjia/core/model/modx/rest/modrestclient.class.php : 231) PHP warning: simplexml_load_string(): Entity: line 1: parser error : Start tag expected, '&lt;' not found
[2014-10-15 19:37:51] (ERROR @ /var/www/html/infovis_ninjia/core/model/modx/rest/modrestclient.class.php : 231) PHP warning: simplexml_load_string(): &lt;?xml
[2014-10-15 19:37:51] (ERROR @ /var/www/html/infovis_ninjia/core/model/modx/rest/modrestclient.class.php : 231) PHP warning: simplexml_load_string():      ^
[2014-10-15 19:37:51] (ERROR @ /infovis_ninjia/connectors/index.php) Could not connect to provider at: http://rest.modx.com/extras/
[2014-10-15 19:37:51] (ERROR @ /var/www/html/infovis_ninjia/core/model/modx/processors/workspace/packages/rest/getlist.class.php : 48) PHP warning: Invalid argument supplied for foreach()
[2014-10-15 19:37:51] (ERROR @ /var/www/html/infovis_ninjia/core/model/modx/processors/workspace/packages/rest/getlist.class.php : 52) PHP warning: Illegal string offset 'total'
[2014-10-15 19:38:22] (ERROR @ /var/www/html/infovis_ninjia/core/model/modx/rest/modrestclient.class.php : 231) PHP warning: simplexml_load_string(): Entity: line 1: parser error : XML declaration allowed only at the start of the document
[2014-10-15 19:38:22] (ERROR @ /var/www/html/infovis_ninjia/core/model/modx/rest/modrestclient.class.php : 231) PHP warning: simplexml_load_string(): &lt;?xml
[2014-10-15 19:38:22] (ERROR @ /var/www/html/infovis_ninjia/core/model/modx/rest/modrestclient.class.php : 231) PHP warning: simplexml_load_string():      ^
[2014-10-15 19:38:22] (ERROR @ /var/www/html/infovis_ninjia/core/model/modx/rest/modrestclient.class.php : 231) PHP warning: simplexml_load_string(): Entity: line 1: parser error : ParsePI: PI xml space expected
[2014-10-15 19:38:22] (ERROR @ /var/www/html/infovis_ninjia/core/model/modx/rest/modrestclient.class.php : 231) PHP warning: simplexml_load_string(): &lt;?xml
[2014-10-15 19:38:22] (ERROR @ /var/www/html/infovis_ninjia/core/model/modx/rest/modrestclient.class.php : 231) PHP warning: simplexml_load_string():      ^
[2014-10-15 19:38:22] (ERROR @ /var/www/html/infovis_ninjia/core/model/modx/rest/modrestclient.class.php : 231) PHP warning: simplexml_load_string(): Entity: line 1: parser error : ParsePI: PI xml never end ...
[2014-10-15 19:38:22] (ERROR @ /var/www/html/infovis_ninjia/core/model/modx/rest/modrestclient.class.php : 231) PHP warning: simplexml_load_string(): &lt;?xml
[2014-10-15 19:38:22] (ERROR @ /var/www/html/infovis_ninjia/core/model/modx/rest/modrestclient.class.php : 231) PHP warning: simplexml_load_string():      ^
[2014-10-15 19:38:22] (ERROR @ /var/www/html/infovis_ninjia/core/model/modx/rest/modrestclient.class.php : 231) PHP warning: simplexml_load_string(): Entity: line 1: parser error : Start tag expected, '&lt;' not found
[2014-10-15 19:38:22] (ERROR @ /var/www/html/infovis_ninjia/core/model/modx/rest/modrestclient.class.php : 231) PHP warning: simplexml_load_string(): &lt;?xml
[2014-10-15 19:38:22] (ERROR @ /var/www/html/infovis_ninjia/core/model/modx/rest/modrestclient.class.php : 231) PHP warning: simplexml_load_string():      ^
[2014-10-15 19:38:22] (ERROR @ /infovis_ninjia/connectors/index.php) Could not connect to provider at: http://rest.modx.com/extras/
[2014-10-15 19:38:22] (ERROR @ /var/www/html/infovis_ninjia/core/model/modx/processors/workspace/packages/rest/getlist.class.php : 48) PHP warning: Invalid argument supplied for foreach()
[2014-10-15 19:38:22] (ERROR @ /var/www/html/infovis_ninjia/core/model/modx/processors/workspace/packages/rest/getlist.class.php : 52) PHP warning: Illegal string offset 'total'
[2014-10-15 19:38:22] (ERROR @ /var/www/html/infovis_ninjia/core/model/modx/rest/modrestclient.class.php : 231) PHP warning: simplexml_load_string(): Entity: line 1: parser error : XML declaration allowed only at the start of the document
[2014-10-15 19:38:22] (ERROR @ /var/www/html/infovis_ninjia/core/model/modx/rest/modrestclient.class.php : 231) PHP warning: simplexml_load_string(): &lt;?xml
[2014-10-15 19:38:22] (ERROR @ /var/www/html/infovis_ninjia/core/model/modx/rest/modrestclient.class.php : 231) PHP warning: simplexml_load_string():      ^
[2014-10-15 19:38:22] (ERROR @ /var/www/html/infovis_ninjia/core/model/modx/rest/modrestclient.class.php : 231) PHP warning: simplexml_load_string(): Entity: line 1: parser error : ParsePI: PI xml space expected
[2014-10-15 19:38:22] (ERROR @ /var/www/html/infovis_ninjia/core/model/modx/rest/modrestclient.class.php : 231) PHP warning: simplexml_load_string(): &lt;?xml
[2014-10-15 19:38:22] (ERROR @ /var/www/html/infovis_ninjia/core/model/modx/rest/modrestclient.class.php : 231) PHP warning: simplexml_load_string():      ^
[2014-10-15 19:38:22] (ERROR @ /var/www/html/infovis_ninjia/core/model/modx/rest/modrestclient.class.php : 231) PHP warning: simplexml_load_string(): Entity: line 1: parser error : ParsePI: PI xml never end ...
[2014-10-15 19:38:22] (ERROR @ /var/www/html/infovis_ninjia/core/model/modx/rest/modrestclient.class.php : 231) PHP warning: simplexml_load_string(): &lt;?xml
[2014-10-15 19:38:22] (ERROR @ /var/www/html/infovis_ninjia/core/model/modx/rest/modrestclient.class.php : 231) PHP warning: simplexml_load_string():      ^
[2014-10-15 19:38:22] (ERROR @ /var/www/html/infovis_ninjia/core/model/modx/rest/modrestclient.class.php : 231) PHP warning: simplexml_load_string(): Entity: line 1: parser error : Start tag expected, '&lt;' not found
[2014-10-15 19:38:22] (ERROR @ /var/www/html/infovis_ninjia/core/model/modx/rest/modrestclient.class.php : 231) PHP warning: simplexml_load_string(): &lt;?xml
[2014-10-15 19:38:22] (ERROR @ /var/www/html/infovis_ninjia/core/model/modx/rest/modrestclient.class.php : 231) PHP warning: simplexml_load_string():      ^
[2014-10-15 19:38:22] (ERROR @ /infovis_ninjia/connectors/index.php) Could not connect to provider at: http://rest.modx.com/extras/
[2014-10-15 19:38:22] (ERROR @ /var/www/html/infovis_ninjia/core/model/modx/processors/workspace/packages/rest/getlist.class.php : 48) PHP warning: Invalid argument supplied for foreach()
[2014-10-15 19:38:22] (ERROR @ /var/www/html/infovis_ninjia/core/model/modx/processors/workspace/packages/rest/getlist.class.php : 52) PHP warning: Illegal string offset 'total'
[2014-10-15 19:39:06] (ERROR @ /var/www/html/infovis_ninjia/core/model/modx/rest/modrestclient.class.php : 231) PHP warning: simplexml_load_string(): Entity: line 1: parser error : XML declaration allowed only at the start of the document
[2014-10-15 19:39:06] (ERROR @ /var/www/html/infovis_ninjia/core/model/modx/rest/modrestclient.class.php : 231) PHP warning: simplexml_load_string(): &lt;?xml
[2014-10-15 19:39:06] (ERROR @ /var/www/html/infovis_ninjia/core/model/modx/rest/modrestclient.class.php : 231) PHP warning: simplexml_load_string():      ^
[2014-10-15 19:39:06] (ERROR @ /var/www/html/infovis_ninjia/core/model/modx/rest/modrestclient.class.php : 231) PHP warning: simplexml_load_string(): Entity: line 1: parser error : ParsePI: PI xml space expected
[2014-10-15 19:39:06] (ERROR @ /var/www/html/infovis_ninjia/core/model/modx/rest/modrestclient.class.php : 231) PHP warning: simplexml_load_string(): &lt;?xml
[2014-10-15 19:39:06] (ERROR @ /var/www/html/infovis_ninjia/core/model/modx/rest/modrestclient.class.php : 231) PHP warning: simplexml_load_string():      ^
[2014-10-15 19:39:06] (ERROR @ /var/www/html/infovis_ninjia/core/model/modx/rest/modrestclient.class.php : 231) PHP warning: simplexml_load_string(): Entity: line 1: parser error : ParsePI: PI xml never end ...
[2014-10-15 19:39:06] (ERROR @ /var/www/html/infovis_ninjia/core/model/modx/rest/modrestclient.class.php : 231) PHP warning: simplexml_load_string(): &lt;?xml
[2014-10-15 19:39:06] (ERROR @ /var/www/html/infovis_ninjia/core/model/modx/rest/modrestclient.class.php : 231) PHP warning: simplexml_load_string():      ^
[2014-10-15 19:39:06] (ERROR @ /var/www/html/infovis_ninjia/core/model/modx/rest/modrestclient.class.php : 231) PHP warning: simplexml_load_string(): Entity: line 1: parser error : Start tag expected, '&lt;' not found
[2014-10-15 19:39:06] (ERROR @ /var/www/html/infovis_ninjia/core/model/modx/rest/modrestclient.class.php : 231) PHP warning: simplexml_load_string(): &lt;?xml
[2014-10-15 19:39:06] (ERROR @ /var/www/html/infovis_ninjia/core/model/modx/rest/modrestclient.class.php : 231) PHP warning: simplexml_load_string():      ^
[2014-10-15 19:39:06] (ERROR @ /infovis_ninjia/connectors/index.php) Could not connect to provider at: http://rest.modx.com/extras/
[2014-10-15 19:39:06] (ERROR @ /var/www/html/infovis_ninjia/core/model/modx/processors/workspace/packages/rest/getlist.class.php : 48) PHP warning: Invalid argument supplied for foreach()
[2014-10-15 19:39:06] (ERROR @ /var/www/html/infovis_ninjia/core/model/modx/processors/workspace/packages/rest/getlist.class.php : 52) PHP warning: Illegal string offset 'total'
[2014-10-15 19:39:06] (ERROR @ /var/www/html/infovis_ninjia/core/model/modx/rest/modrestclient.class.php : 231) PHP warning: simplexml_load_string(): Entity: line 1: parser error : XML declaration allowed only at the start of the document
[2014-10-15 19:39:06] (ERROR @ /var/www/html/infovis_ninjia/core/model/modx/rest/modrestclient.class.php : 231) PHP warning: simplexml_load_string(): &lt;?xml
[2014-10-15 19:39:06] (ERROR @ /var/www/html/infovis_ninjia/core/model/modx/rest/modrestclient.class.php : 231) PHP warning: simplexml_load_string():      ^
[2014-10-15 19:39:06] (ERROR @ /var/www/html/infovis_ninjia/core/model/modx/rest/modrestclient.class.php : 231) PHP warning: simplexml_load_string(): Entity: line 1: parser error : ParsePI: PI xml space expected
[2014-10-15 19:39:06] (ERROR @ /var/www/html/infovis_ninjia/core/model/modx/rest/modrestclient.class.php : 231) PHP warning: simplexml_load_string(): &lt;?xml
[2014-10-15 19:39:06] (ERROR @ /var/www/html/infovis_ninjia/core/model/modx/rest/modrestclient.class.php : 231) PHP warning: simplexml_load_string():      ^
[2014-10-15 19:39:06] (ERROR @ /var/www/html/infovis_ninjia/core/model/modx/rest/modrestclient.class.php : 231) PHP warning: simplexml_load_string(): Entity: line 1: parser error : ParsePI: PI xml never end ...
[2014-10-15 19:39:06] (ERROR @ /var/www/html/infovis_ninjia/core/model/modx/rest/modrestclient.class.php : 231) PHP warning: simplexml_load_string(): &lt;?xml
[2014-10-15 19:39:06] (ERROR @ /var/www/html/infovis_ninjia/core/model/modx/rest/modrestclient.class.php : 231) PHP warning: simplexml_load_string():      ^
[2014-10-15 19:39:06] (ERROR @ /var/www/html/infovis_ninjia/core/model/modx/rest/modrestclient.class.php : 231) PHP warning: simplexml_load_string(): Entity: line 1: parser error : Start tag expected, '&lt;' not found
[2014-10-15 19:39:06] (ERROR @ /var/www/html/infovis_ninjia/core/model/modx/rest/modrestclient.class.php : 231) PHP warning: simplexml_load_string(): &lt;?xml
[2014-10-15 19:39:06] (ERROR @ /var/www/html/infovis_ninjia/core/model/modx/rest/modrestclient.class.php : 231) PHP warning: simplexml_load_string():      ^
[2014-10-15 19:39:06] (ERROR @ /infovis_ninjia/connectors/index.php) Could not connect to provider at: http://rest.modx.com/extras/
[2014-10-15 19:39:06] (ERROR @ /var/www/html/infovis_ninjia/core/model/modx/processors/workspace/packages/rest/getlist.class.php : 48) PHP warning: Invalid argument supplied for foreach()
[2014-10-15 19:39:06] (ERROR @ /var/www/html/infovis_ninjia/core/model/modx/processors/workspace/packages/rest/getlist.class.php : 52) PHP warning: Illegal string offset 'total'
[2014-10-15 19:40:54] (ERROR @ /var/www/html/infovis_ninjia/core/model/modx/rest/modrestclient.class.php : 231) PHP warning: simplexml_load_string(): Entity: line 1: parser error : XML declaration allowed only at the start of the document
[2014-10-15 19:40:54] (ERROR @ /var/www/html/infovis_ninjia/core/model/modx/rest/modrestclient.class.php : 231) PHP warning: simplexml_load_string(): &lt;?xml
[2014-10-15 19:40:54] (ERROR @ /var/www/html/infovis_ninjia/core/model/modx/rest/modrestclient.class.php : 231) PHP warning: simplexml_load_string():      ^
[2014-10-15 19:40:54] (ERROR @ /var/www/html/infovis_ninjia/core/model/modx/rest/modrestclient.class.php : 231) PHP warning: simplexml_load_string(): Entity: line 1: parser error : ParsePI: PI xml space expected
[2014-10-15 19:40:54] (ERROR @ /var/www/html/infovis_ninjia/core/model/modx/rest/modrestclient.class.php : 231) PHP warning: simplexml_load_string(): &lt;?xml
[2014-10-15 19:40:54] (ERROR @ /var/www/html/infovis_ninjia/core/model/modx/rest/modrestclient.class.php : 231) PHP warning: simplexml_load_string():      ^
[2014-10-15 19:40:54] (ERROR @ /var/www/html/infovis_ninjia/core/model/modx/rest/modrestclient.class.php : 231) PHP warning: simplexml_load_string(): Entity: line 1: parser error : ParsePI: PI xml never end ...
[2014-10-15 19:40:54] (ERROR @ /var/www/html/infovis_ninjia/core/model/modx/rest/modrestclient.class.php : 231) PHP warning: simplexml_load_string(): &lt;?xml
[2014-10-15 19:40:54] (ERROR @ /var/www/html/infovis_ninjia/core/model/modx/rest/modrestclient.class.php : 231) PHP warning: simplexml_load_string():      ^
[2014-10-15 19:40:54] (ERROR @ /var/www/html/infovis_ninjia/core/model/modx/rest/modrestclient.class.php : 231) PHP warning: simplexml_load_string(): Entity: line 1: parser error : Start tag expected, '&lt;' not found
[2014-10-15 19:40:54] (ERROR @ /var/www/html/infovis_ninjia/core/model/modx/rest/modrestclient.class.php : 231) PHP warning: simplexml_load_string(): &lt;?xml
[2014-10-15 19:40:54] (ERROR @ /var/www/html/infovis_ninjia/core/model/modx/rest/modrestclient.class.php : 231) PHP warning: simplexml_load_string():      ^
[2014-10-15 19:40:54] (ERROR @ /infovis_ninjia/connectors/index.php) Could not connect to provider at: http://rest.modx.com/extras/
[2014-10-15 19:40:54] (ERROR @ /var/www/html/infovis_ninjia/core/model/modx/processors/workspace/packages/rest/getlist.class.php : 48) PHP warning: Invalid argument supplied for foreach()
[2014-10-15 19:40:54] (ERROR @ /var/www/html/infovis_ninjia/core/model/modx/processors/workspace/packages/rest/getlist.class.php : 52) PHP warning: Illegal string offset 'total'
[2014-10-15 19:40:54] (ERROR @ /var/www/html/infovis_ninjia/core/model/modx/rest/modrestclient.class.php : 231) PHP warning: simplexml_load_string(): Entity: line 1: parser error : XML declaration allowed only at the start of the document
[2014-10-15 19:40:54] (ERROR @ /var/www/html/infovis_ninjia/core/model/modx/rest/modrestclient.class.php : 231) PHP warning: simplexml_load_string(): &lt;?xml
[2014-10-15 19:40:54] (ERROR @ /var/www/html/infovis_ninjia/core/model/modx/rest/modrestclient.class.php : 231) PHP warning: simplexml_load_string():      ^
[2014-10-15 19:40:54] (ERROR @ /var/www/html/infovis_ninjia/core/model/modx/rest/modrestclient.class.php : 231) PHP warning: simplexml_load_string(): Entity: line 1: parser error : ParsePI: PI xml space expected
[2014-10-15 19:40:54] (ERROR @ /var/www/html/infovis_ninjia/core/model/modx/rest/modrestclient.class.php : 231) PHP warning: simplexml_load_string(): &lt;?xml
[2014-10-15 19:40:54] (ERROR @ /var/www/html/infovis_ninjia/core/model/modx/rest/modrestclient.class.php : 231) PHP warning: simplexml_load_string():      ^
[2014-10-15 19:40:54] (ERROR @ /var/www/html/infovis_ninjia/core/model/modx/rest/modrestclient.class.php : 231) PHP warning: simplexml_load_string(): Entity: line 1: parser error : ParsePI: PI xml never end ...
[2014-10-15 19:40:54] (ERROR @ /var/www/html/infovis_ninjia/core/model/modx/rest/modrestclient.class.php : 231) PHP warning: simplexml_load_string(): &lt;?xml
[2014-10-15 19:40:54] (ERROR @ /var/www/html/infovis_ninjia/core/model/modx/rest/modrestclient.class.php : 231) PHP warning: simplexml_load_string():      ^
[2014-10-15 19:40:54] (ERROR @ /var/www/html/infovis_ninjia/core/model/modx/rest/modrestclient.class.php : 231) PHP warning: simplexml_load_string(): Entity: line 1: parser error : Start tag expected, '&lt;' not found
[2014-10-15 19:40:54] (ERROR @ /var/www/html/infovis_ninjia/core/model/modx/rest/modrestclient.class.php : 231) PHP warning: simplexml_load_string(): &lt;?xml
[2014-10-15 19:40:54] (ERROR @ /var/www/html/infovis_ninjia/core/model/modx/rest/modrestclient.class.php : 231) PHP warning: simplexml_load_string():      ^
[2014-10-15 19:40:54] (ERROR @ /infovis_ninjia/connectors/index.php) Could not connect to provider at: http://rest.modx.com/extras/
[2014-10-15 19:40:54] (ERROR @ /var/www/html/infovis_ninjia/core/model/modx/processors/workspace/packages/rest/getlist.class.php : 48) PHP warning: Invalid argument supplied for foreach()
[2014-10-15 19:40:54] (ERROR @ /var/www/html/infovis_ninjia/core/model/modx/processors/workspace/packages/rest/getlist.class.php : 52) PHP warning: Illegal string offset 'total'
