[2014-10-15 19:19:18] (ERROR @ /infovis_ninjia/setup/index.php) Could not copy /var/www/html/infovis_ninjia/core/packages/core/modContext/0bbcdfc66f1618c1298ccd7dbcc72259/0/ to /var/www/html/infovis_ninjia/index.php
[2014-10-15 19:19:18] (ERROR @ /infovis_ninjia/setup/index.php) Could not copy /var/www/html/infovis_ninjia/core/packages/core/modContext/0bbcdfc66f1618c1298ccd7dbcc72259/1/ to /var/www/html/infovis_ninjia/ht.access
[2014-10-15 19:19:18] (ERROR @ /infovis_ninjia/setup/index.php) xPDOVehicle resolver failed: type php (/var/www/html/infovis_ninjia/core/packages/core/modContext/0bbcdfc66f1618c1298ccd7dbcc72259.resolve.core.resolver)
[2014-10-15 19:19:18] (ERROR @ /infovis_ninjia/setup/index.php) Could not resolve vehicle for object of class modContext; criteria: Array
(
    [key] => web
)

[2014-10-15 19:19:18] (ERROR @ /infovis_ninjia/setup/index.php) Could not copy /var/www/html/infovis_ninjia/core/packages/core/modContext/bc9913c61b19eeb211989b49202e3614/0/ to /var/www/html/infovis_ninjia/manager/assets
[2014-10-15 19:19:18] (ERROR @ /infovis_ninjia/setup/index.php) Could not copy /var/www/html/infovis_ninjia/core/packages/core/modContext/bc9913c61b19eeb211989b49202e3614/1/ to /var/www/html/infovis_ninjia/manager/controllers
[2014-10-15 19:19:18] (ERROR @ /infovis_ninjia/setup/index.php) Could not copy /var/www/html/infovis_ninjia/core/packages/core/modContext/bc9913c61b19eeb211989b49202e3614/2/ to /var/www/html/infovis_ninjia/manager/templates
[2014-10-15 19:19:18] (ERROR @ /infovis_ninjia/setup/index.php) Could not copy /var/www/html/infovis_ninjia/core/packages/core/modContext/bc9913c61b19eeb211989b49202e3614/3/ to /var/www/html/infovis_ninjia/manager/min
[2014-10-15 19:19:18] (ERROR @ /infovis_ninjia/setup/index.php) Could not copy /var/www/html/infovis_ninjia/core/packages/core/modContext/bc9913c61b19eeb211989b49202e3614/4/ to /var/www/html/infovis_ninjia/manager/ht.access
[2014-10-15 19:19:18] (ERROR @ /infovis_ninjia/setup/index.php) Could not copy /var/www/html/infovis_ninjia/core/packages/core/modContext/bc9913c61b19eeb211989b49202e3614/5/ to /var/www/html/infovis_ninjia/manager/cache.manifest.php
[2014-10-15 19:19:18] (ERROR @ /infovis_ninjia/setup/index.php) Could not copy /var/www/html/infovis_ninjia/core/packages/core/modContext/bc9913c61b19eeb211989b49202e3614/6/ to /var/www/html/infovis_ninjia/manager/index.php
[2014-10-15 19:19:18] (ERROR @ /infovis_ninjia/setup/index.php) xPDOVehicle resolver failed: type php (/var/www/html/infovis_ninjia/core/packages/core/modContext/bc9913c61b19eeb211989b49202e3614.resolve.core.resolver)
[2014-10-15 19:19:18] (ERROR @ /infovis_ninjia/setup/index.php) Could not resolve vehicle for object of class modContext; criteria: Array
(
    [key] => mgr
)

[2014-10-15 19:19:18] (ERROR @ /infovis_ninjia/setup/index.php) Could not install files from /var/www/html/infovis_ninjia/core/packages/core/xPDOFileVehicle/235515cce960e1c34423c3483137bf15/ to /var/www/html/infovis_ninjia/connectors/
[2014-10-15 19:19:18] (ERROR @ /infovis_ninjia/setup/index.php) Could not install files from /var/www/html/infovis_ninjia/core/packages/core/xPDOFileVehicle/340adaa02e1c349d1cf12b3957052074/ to /var/www/html/infovis_ninjia/connectors/
[2014-10-15 19:19:18] (ERROR @ /infovis_ninjia/setup/index.php) Could not install files from /var/www/html/infovis_ninjia/core/packages/core/xPDOFileVehicle/5925cb565ad59a1f3f557fcdb06fb2ba/ to /var/www/html/infovis_ninjia/connectors/
[2014-10-15 19:19:18] (ERROR @ /infovis_ninjia/setup/index.php) Could not install files from /var/www/html/infovis_ninjia/core/packages/core/xPDOFileVehicle/38debd032a2de5511423daf300fb14cc/ to /var/www/html/infovis_ninjia/connectors/
[2014-10-15 19:19:18] (ERROR @ /infovis_ninjia/setup/index.php) xPDOVehicle resolver failed: type php (/var/www/html/infovis_ninjia/core/packages/core/xPDOFileVehicle/38debd032a2de5511423daf300fb14cc.resolve.core.resolver)
